{"/Users/ekaterina/Documents/track/frontend/project/2018-FS-11-Frontend-Ivanova-Ekaterina/src/App.js": {"path":"/Users/ekaterina/Documents/track/frontend/project/2018-FS-11-Frontend-Ivanova-Ekaterina/src/App.js","statementMap":{"0":{"start":{"line":1,"column":0},"end":{"line":null,"column":-1}},"1":{"start":{"line":2,"column":0},"end":{"line":null,"column":-1}},"2":{"start":{"line":3,"column":0},"end":{"line":null,"column":-1}},"3":{"start":{"line":4,"column":0},"end":{"line":null,"column":-1}},"4":{"start":{"line":5,"column":0},"end":{"line":null,"column":-1}},"5":{"start":{"line":6,"column":0},"end":{"line":null,"column":-1}},"6":{"start":{"line":7,"column":0},"end":{"line":null,"column":-1}},"7":{"start":{"line":8,"column":0},"end":{"line":null,"column":-1}},"8":{"start":{"line":9,"column":0},"end":{"line":null,"column":-1}},"9":{"start":{"line":10,"column":0},"end":{"line":null,"column":-1}},"10":{"start":{"line":11,"column":0},"end":{"line":null,"column":-1}},"11":{"start":{"line":12,"column":0},"end":{"line":null,"column":-1}},"12":{"start":{"line":14,"column":28},"end":{"line":null,"column":-1}},"13":{"start":{"line":17,"column":8},"end":{"line":null,"column":-1}},"14":{"start":{"line":18,"column":8},"end":{"line":null,"column":-1}},"15":{"start":{"line":19,"column":12},"end":{"line":null,"column":-1}},"16":{"start":{"line":20,"column":12},"end":{"line":null,"column":-1}},"17":{"start":{"line":22,"column":8},"end":{"line":null,"column":-1}},"18":{"start":{"line":23,"column":23},"end":{"line":23,"column":12}},"19":{"start":{"line":24,"column":12},"end":{"line":null,"column":-1}},"20":{"start":{"line":25,"column":12},"end":{"line":null,"column":-1}},"21":{"start":{"line":30,"column":22},"end":{"line":30,"column":8}},"22":{"start":{"line":33,"column":16},"end":{"line":31,"column":8}},"23":{"start":{"line":35,"column":8},"end":{"line":39,"column":9}},"24":{"start":{"line":36,"column":12},"end":{"line":null,"column":-1}},"25":{"start":{"line":40,"column":8},"end":{"line":null,"column":-1}},"26":{"start":{"line":46,"column":24},"end":{"line":45,"column":51}},"27":{"start":{"line":46,"column":79},"end":{"line":46,"column":24}},"28":{"start":{"line":56,"column":24},"end":{"line":56,"column":0}},"29":{"start":{"line":57,"column":4},"end":{"line":null,"column":-1}},"30":{"start":{"line":64,"column":28},"end":{"line":64,"column":0}},"31":{"start":{"line":65,"column":4},"end":{"line":null,"column":-1}},"32":{"start":{"line":66,"column":26},"end":{"line":65,"column":12}},"33":{"start":{"line":67,"column":40},"end":{"line":67,"column":48}}},"fnMap":{"0":{"name":"(anonymous_0)","decl":{"start":{"line":14,"column":28},"end":{"line":null,"column":-1}},"loc":{"start":{"line":14,"column":28},"end":{"line":null,"column":-1}}},"1":{"name":"(anonymous_1)","decl":{"start":{"line":16,"column":4},"end":{"line":16,"column":20}},"loc":{"start":{"line":16,"column":24},"end":{"line":28,"column":5}}},"2":{"name":"(anonymous_2)","decl":{"start":{"line":18,"column":29},"end":{"line":18,"column":34}},"loc":{"start":{"line":18,"column":35},"end":{"line":18,"column":8}}},"3":{"name":"(anonymous_3)","decl":{"start":{"line":22,"column":33},"end":{"line":22,"column":31}},"loc":{"start":{"line":22,"column":45},"end":{"line":22,"column":8}}},"4":{"name":"(anonymous_4)","decl":{"start":{"line":29,"column":4},"end":{"line":29,"column":9}},"loc":{"start":{"line":29,"column":13},"end":{"line":54,"column":5}}},"5":{"name":"(anonymous_5)","decl":{"start":{"line":45,"column":67},"end":{"line":45,"column":68}},"loc":{"start":{"line":46,"column":24},"end":{"line":45,"column":51}}},"6":{"name":"(anonymous_6)","decl":{"start":{"line":46,"column":73},"end":{"line":46,"column":78}},"loc":{"start":{"line":46,"column":79},"end":{"line":46,"column":24}}},"7":{"name":"(anonymous_7)","decl":{"start":{"line":56,"column":24},"end":{"line":56,"column":28}},"loc":{"start":{"line":56,"column":33},"end":{"line":56,"column":0}}},"8":{"name":"(anonymous_8)","decl":{"start":{"line":64,"column":28},"end":{"line":64,"column":26}},"loc":{"start":{"line":64,"column":41},"end":{"line":64,"column":0}}},"9":{"name":"(anonymous_9)","decl":{"start":{"line":66,"column":20},"end":{"line":66,"column":25}},"loc":{"start":{"line":66,"column":26},"end":{"line":65,"column":12}}},"10":{"name":"(anonymous_10)","decl":{"start":{"line":67,"column":21},"end":{"line":67,"column":22}},"loc":{"start":{"line":67,"column":40},"end":{"line":67,"column":48}}}},"branchMap":{"0":{"loc":{"start":{"line":35,"column":8},"end":{"line":39,"column":9}},"type":"if","locations":[{"start":{"line":35,"column":8},"end":{"line":39,"column":9}},{"start":{"line":35,"column":8},"end":{"line":39,"column":9}}]},"1":{"loc":{"start":{"line":45,"column":51},"end":{"line":45,"column":21}},"type":"cond-expr","locations":[{"start":{"line":45,"column":51},"end":{"line":45,"column":21}},{"start":{"line":47,"column":23},"end":{"line":42,"column":16}}]}},"s":{"0":0,"1":0,"2":0,"3":0,"4":0,"5":0,"6":0,"7":0,"8":0,"9":0,"10":0,"11":0,"12":0,"13":0,"14":0,"15":0,"16":0,"17":0,"18":0,"19":0,"20":0,"21":0,"22":0,"23":0,"24":0,"25":0,"26":0,"27":0,"28":0,"29":0,"30":0,"31":0,"32":0,"33":0},"f":{"0":0,"1":0,"2":0,"3":0,"4":0,"5":0,"6":0,"7":0,"8":0,"9":0,"10":0},"b":{"0":[0,0],"1":[0,0]}}
,"/Users/ekaterina/Documents/track/frontend/project/2018-FS-11-Frontend-Ivanova-Ekaterina/src/SharedWorker.js": {"path":"/Users/ekaterina/Documents/track/frontend/project/2018-FS-11-Frontend-Ivanova-Ekaterina/src/SharedWorker.js","statementMap":{"0":{"start":{"line":2,"column":4},"end":{"line":null,"column":-1}},"1":{"start":{"line":3,"column":18},"end":{"line":3,"column":4}},"2":{"start":{"line":4,"column":4},"end":{"line":null,"column":-1}},"3":{"start":{"line":5,"column":21},"end":{"line":5,"column":8}},"4":{"start":{"line":6,"column":8},"end":{"line":null,"column":-1}},"5":{"start":{"line":7,"column":8},"end":{"line":null,"column":-1}},"6":{"start":{"line":8,"column":8},"end":{"line":null,"column":-1}},"7":{"start":{"line":9,"column":12},"end":{"line":null,"column":-1}},"8":{"start":{"line":10,"column":12},"end":{"line":null,"column":-1}},"9":{"start":{"line":12,"column":20},"end":{"line":null,"column":-1}},"10":{"start":{"line":13,"column":42},"end":{"line":12,"column":20}},"11":{"start":{"line":15,"column":28},"end":{"line":null,"column":-1}},"12":{"start":{"line":17,"column":40},"end":{"line":12,"column":20}},"13":{"start":{"line":18,"column":20},"end":{"line":null,"column":-1}},"14":{"start":{"line":20,"column":20},"end":{"line":null,"column":-1}},"15":{"start":{"line":21,"column":42},"end":{"line":20,"column":20}},"16":{"start":{"line":23,"column":28},"end":{"line":null,"column":-1}},"17":{"start":{"line":25,"column":40},"end":{"line":20,"column":20}},"18":{"start":{"line":26,"column":20},"end":{"line":null,"column":-1}},"19":{"start":{"line":28,"column":20},"end":{"line":null,"column":-1}},"20":{"start":{"line":29,"column":42},"end":{"line":28,"column":20}},"21":{"start":{"line":31,"column":28},"end":{"line":null,"column":-1}},"22":{"start":{"line":33,"column":40},"end":{"line":28,"column":20}},"23":{"start":{"line":34,"column":20},"end":{"line":null,"column":-1}},"24":{"start":{"line":36,"column":20},"end":{"line":null,"column":-1}},"25":{"start":{"line":37,"column":42},"end":{"line":36,"column":20}},"26":{"start":{"line":39,"column":28},"end":{"line":null,"column":-1}},"27":{"start":{"line":41,"column":40},"end":{"line":36,"column":20}},"28":{"start":{"line":42,"column":20},"end":{"line":null,"column":-1}},"29":{"start":{"line":44,"column":20},"end":{"line":null,"column":-1}},"30":{"start":{"line":46,"column":12},"end":{"line":52,"column":13}},"31":{"start":{"line":47,"column":16},"end":{"line":null,"column":-1}},"32":{"start":{"line":49,"column":16},"end":{"line":null,"column":-1}},"33":{"start":{"line":49,"column":37},"end":{"line":49,"column":16}},"34":{"start":{"line":50,"column":20},"end":{"line":null,"column":-1}},"35":{"start":{"line":54,"column":8},"end":{"line":null,"column":-1}}},"fnMap":{"0":{"name":"(anonymous_1)","decl":{"start":{"line":4,"column":38},"end":{"line":4,"column":36}},"loc":{"start":{"line":4,"column":48},"end":{"line":4,"column":4}}},"1":{"name":"(anonymous_2)","decl":{"start":{"line":8,"column":42},"end":{"line":8,"column":40}},"loc":{"start":{"line":8,"column":52},"end":{"line":8,"column":8}}},"2":{"name":"(anonymous_3)","decl":{"start":{"line":13,"column":30},"end":{"line":13,"column":37}},"loc":{"start":{"line":13,"column":42},"end":{"line":12,"column":20}}},"3":{"name":"(anonymous_4)","decl":{"start":{"line":14,"column":30},"end":{"line":14,"column":33}},"loc":{"start":{"line":14,"column":38},"end":{"line":12,"column":20}}},"4":{"name":"(anonymous_5)","decl":{"start":{"line":17,"column":31},"end":{"line":17,"column":35}},"loc":{"start":{"line":17,"column":40},"end":{"line":12,"column":20}}},"5":{"name":"(anonymous_6)","decl":{"start":{"line":21,"column":30},"end":{"line":21,"column":37}},"loc":{"start":{"line":21,"column":42},"end":{"line":20,"column":20}}},"6":{"name":"(anonymous_7)","decl":{"start":{"line":22,"column":30},"end":{"line":22,"column":33}},"loc":{"start":{"line":22,"column":38},"end":{"line":20,"column":20}}},"7":{"name":"(anonymous_8)","decl":{"start":{"line":25,"column":31},"end":{"line":25,"column":35}},"loc":{"start":{"line":25,"column":40},"end":{"line":20,"column":20}}},"8":{"name":"(anonymous_9)","decl":{"start":{"line":29,"column":30},"end":{"line":29,"column":37}},"loc":{"start":{"line":29,"column":42},"end":{"line":28,"column":20}}},"9":{"name":"(anonymous_10)","decl":{"start":{"line":30,"column":30},"end":{"line":30,"column":33}},"loc":{"start":{"line":30,"column":38},"end":{"line":28,"column":20}}},"10":{"name":"(anonymous_11)","decl":{"start":{"line":33,"column":31},"end":{"line":33,"column":35}},"loc":{"start":{"line":33,"column":40},"end":{"line":28,"column":20}}},"11":{"name":"(anonymous_12)","decl":{"start":{"line":37,"column":30},"end":{"line":37,"column":37}},"loc":{"start":{"line":37,"column":42},"end":{"line":36,"column":20}}},"12":{"name":"(anonymous_13)","decl":{"start":{"line":38,"column":30},"end":{"line":38,"column":33}},"loc":{"start":{"line":38,"column":38},"end":{"line":36,"column":20}}},"13":{"name":"(anonymous_14)","decl":{"start":{"line":41,"column":31},"end":{"line":41,"column":35}},"loc":{"start":{"line":41,"column":40},"end":{"line":36,"column":20}}},"14":{"name":"(anonymous_15)","decl":{"start":{"line":49,"column":29},"end":{"line":49,"column":32}},"loc":{"start":{"line":49,"column":37},"end":{"line":49,"column":16}}},"15":{"name":"(anonymous_16)","decl":{"start":{"line":49,"column":68},"end":{"line":49,"column":73}},"loc":{"start":{"line":49,"column":74},"end":{"line":49,"column":16}}}},"branchMap":{"0":{"loc":{"start":{"line":11,"column":16},"end":{"line":18,"column":20}},"type":"switch","locations":[{"start":{"line":11,"column":16},"end":{"line":18,"column":20}},{"start":{"line":19,"column":16},"end":{"line":26,"column":20}},{"start":{"line":27,"column":16},"end":{"line":34,"column":20}},{"start":{"line":35,"column":16},"end":{"line":42,"column":20}},{"start":{"line":43,"column":16},"end":{"line":44,"column":20}}]},"1":{"loc":{"start":{"line":46,"column":12},"end":{"line":52,"column":13}},"type":"if","locations":[{"start":{"line":46,"column":12},"end":{"line":52,"column":13}},{"start":{"line":46,"column":12},"end":{"line":52,"column":13}}]}},"s":{"0":0,"1":0,"2":0,"3":0,"4":0,"5":0,"6":0,"7":0,"8":0,"9":0,"10":0,"11":0,"12":0,"13":0,"14":0,"15":0,"16":0,"17":0,"18":0,"19":0,"20":0,"21":0,"22":0,"23":0,"24":0,"25":0,"26":0,"27":0,"28":0,"29":0,"30":0,"31":0,"32":0,"33":0,"34":0,"35":0},"f":{"0":0,"1":0,"2":0,"3":0,"4":0,"5":0,"6":0,"7":0,"8":0,"9":0,"10":0,"11":0,"12":0,"13":0,"14":0,"15":0},"b":{"0":[0,0,0,0,0],"1":[0,0]}}
,"/Users/ekaterina/Documents/track/frontend/project/2018-FS-11-Frontend-Ivanova-Ekaterina/src/index.js": {"path":"/Users/ekaterina/Documents/track/frontend/project/2018-FS-11-Frontend-Ivanova-Ekaterina/src/index.js","statementMap":{"0":{"start":{"line":1,"column":0},"end":{"line":null,"column":-1}},"1":{"start":{"line":2,"column":0},"end":{"line":null,"column":-1}},"2":{"start":{"line":3,"column":0},"end":{"line":null,"column":-1}},"3":{"start":{"line":4,"column":0},"end":{"line":null,"column":-1}},"4":{"start":{"line":5,"column":0},"end":{"line":null,"column":-1}},"5":{"start":{"line":6,"column":0},"end":{"line":null,"column":-1}},"6":{"start":{"line":8,"column":0},"end":{"line":null,"column":-1}},"7":{"start":{"line":9,"column":0},"end":{"line":null,"column":-1}},"8":{"start":{"line":10,"column":0},"end":{"line":null,"column":-1}},"9":{"start":{"line":11,"column":0},"end":{"line":null,"column":-1}},"10":{"start":{"line":12,"column":0},"end":{"line":null,"column":-1}},"11":{"start":{"line":13,"column":0},"end":{"line":null,"column":-1}},"12":{"start":{"line":15,"column":20},"end":{"line":15,"column":0}},"13":{"start":{"line":23,"column":25},"end":{"line":23,"column":0}},"14":{"start":{"line":25,"column":14},"end":{"line":25,"column":0}},"15":{"start":{"line":29,"column":0},"end":{"line":null,"column":-1}}},"fnMap":{},"branchMap":{"0":{"loc":{"start":{"line":23,"column":25},"end":{"line":23,"column":24}},"type":"binary-expr","locations":[{"start":{"line":23,"column":25},"end":{"line":23,"column":24}},{"start":{"line":23,"column":72},"end":{"line":23,"column":0}}]}},"s":{"0":0,"1":0,"2":0,"3":0,"4":0,"5":0,"6":0,"7":0,"8":0,"9":0,"10":0,"11":0,"12":0,"13":0,"14":0,"15":0},"f":{},"b":{"0":[0,0]}}
,"/Users/ekaterina/Documents/track/frontend/project/2018-FS-11-Frontend-Ivanova-Ekaterina/src/components/Chat/Chat.js": {"path":"/Users/ekaterina/Documents/track/frontend/project/2018-FS-11-Frontend-Ivanova-Ekaterina/src/components/Chat/Chat.js","statementMap":{"0":{"start":{"line":1,"column":0},"end":{"line":null,"column":-1}},"1":{"start":{"line":2,"column":0},"end":{"line":null,"column":-1}},"2":{"start":{"line":3,"column":0},"end":{"line":null,"column":-1}},"3":{"start":{"line":6,"column":22},"end":{"line":6,"column":8}},"4":{"start":{"line":7,"column":8},"end":{"line":null,"column":-1}}},"fnMap":{"0":{"name":"(anonymous_0)","decl":{"start":{"line":5,"column":4},"end":{"line":5,"column":9}},"loc":{"start":{"line":5,"column":13},"end":{"line":13,"column":1}}}},"branchMap":{},"s":{"0":0,"1":0,"2":0,"3":0,"4":0},"f":{"0":0},"b":{}}
,"/Users/ekaterina/Documents/track/frontend/project/2018-FS-11-Frontend-Ivanova-Ekaterina/src/components/Enter/Enter.js": {"path":"/Users/ekaterina/Documents/track/frontend/project/2018-FS-11-Frontend-Ivanova-Ekaterina/src/components/Enter/Enter.js","statementMap":{"0":{"start":{"line":1,"column":0},"end":{"line":null,"column":-1}},"1":{"start":{"line":2,"column":0},"end":{"line":null,"column":-1}},"2":{"start":{"line":3,"column":0},"end":{"line":null,"column":-1}},"3":{"start":{"line":4,"column":0},"end":{"line":null,"column":-1}},"4":{"start":{"line":7,"column":8},"end":{"line":null,"column":-1}}},"fnMap":{"0":{"name":"(anonymous_0)","decl":{"start":{"line":6,"column":4},"end":{"line":6,"column":9}},"loc":{"start":{"line":6,"column":13},"end":{"line":26,"column":5}}}},"branchMap":{},"s":{"0":0,"1":0,"2":0,"3":0,"4":0},"f":{"0":0},"b":{}}
,"/Users/ekaterina/Documents/track/frontend/project/2018-FS-11-Frontend-Ivanova-Ekaterina/src/components/Input/Input.js": {"path":"/Users/ekaterina/Documents/track/frontend/project/2018-FS-11-Frontend-Ivanova-Ekaterina/src/components/Input/Input.js","statementMap":{"0":{"start":{"line":1,"column":0},"end":{"line":null,"column":-1}},"1":{"start":{"line":2,"column":0},"end":{"line":null,"column":-1}},"2":{"start":{"line":4,"column":15},"end":{"line":4,"column":0}},"3":{"start":{"line":6,"column":4},"end":{"line":null,"column":-1}},"4":{"start":{"line":8,"column":12},"end":{"line":null,"column":-1}},"5":{"start":{"line":15,"column":12},"end":{"line":null,"column":-1}},"6":{"start":{"line":17,"column":12},"end":{"line":null,"column":-1}},"7":{"start":{"line":23,"column":12},"end":{"line":null,"column":-1}},"8":{"start":{"line":25,"column":12},"end":{"line":null,"column":-1}},"9":{"start":{"line":30,"column":12},"end":{"line":null,"column":-1}},"10":{"start":{"line":32,"column":4},"end":{"line":null,"column":-1}}},"fnMap":{"0":{"name":"(anonymous_0)","decl":{"start":{"line":4,"column":15},"end":{"line":4,"column":13}},"loc":{"start":{"line":4,"column":25},"end":{"line":4,"column":0}}}},"branchMap":{"0":{"loc":{"start":{"line":7,"column":8},"end":{"line":15,"column":12}},"type":"switch","locations":[{"start":{"line":7,"column":8},"end":{"line":15,"column":12}},{"start":{"line":16,"column":8},"end":{"line":23,"column":12}},{"start":{"line":24,"column":8},"end":{"line":30,"column":12}}]}},"s":{"0":0,"1":0,"2":0,"3":0,"4":0,"5":0,"6":0,"7":0,"8":0,"9":0,"10":0},"f":{"0":0},"b":{"0":[0,0,0]}}
,"/Users/ekaterina/Documents/track/frontend/project/2018-FS-11-Frontend-Ivanova-Ekaterina/src/components/Layout/Layout.js": {"path":"/Users/ekaterina/Documents/track/frontend/project/2018-FS-11-Frontend-Ivanova-Ekaterina/src/components/Layout/Layout.js","statementMap":{"0":{"start":{"line":1,"column":0},"end":{"line":null,"column":-1}},"1":{"start":{"line":2,"column":0},"end":{"line":null,"column":-1}},"2":{"start":{"line":3,"column":0},"end":{"line":null,"column":-1}},"3":{"start":{"line":5,"column":15},"end":{"line":5,"column":0}},"4":{"start":{"line":6,"column":4},"end":{"line":5,"column":0}}},"fnMap":{"0":{"name":"(anonymous_0)","decl":{"start":{"line":5,"column":15},"end":{"line":6,"column":3}},"loc":{"start":{"line":6,"column":4},"end":{"line":5,"column":0}}}},"branchMap":{},"s":{"0":0,"1":0,"2":0,"3":0,"4":0},"f":{"0":0},"b":{}}
,"/Users/ekaterina/Documents/track/frontend/project/2018-FS-11-Frontend-Ivanova-Ekaterina/src/components/Profile/Profile.js": {"path":"/Users/ekaterina/Documents/track/frontend/project/2018-FS-11-Frontend-Ivanova-Ekaterina/src/components/Profile/Profile.js","statementMap":{"0":{"start":{"line":1,"column":0},"end":{"line":null,"column":-1}},"1":{"start":{"line":2,"column":0},"end":{"line":null,"column":-1}},"2":{"start":{"line":3,"column":0},"end":{"line":null,"column":-1}},"3":{"start":{"line":4,"column":0},"end":{"line":null,"column":-1}},"4":{"start":{"line":5,"column":0},"end":{"line":null,"column":-1}},"5":{"start":{"line":6,"column":0},"end":{"line":null,"column":-1}},"6":{"start":{"line":9,"column":8},"end":{"line":null,"column":-1}},"7":{"start":{"line":34,"column":24},"end":{"line":34,"column":0}},"8":{"start":{"line":35,"column":4},"end":{"line":null,"column":-1}},"9":{"start":{"line":40,"column":27},"end":{"line":40,"column":0}},"10":{"start":{"line":41,"column":4},"end":{"line":null,"column":-1}},"11":{"start":{"line":42,"column":28},"end":{"line":null,"column":-1}},"12":{"start":{"line":43,"column":28},"end":{"line":null,"column":-1}}},"fnMap":{"0":{"name":"(anonymous_0)","decl":{"start":{"line":8,"column":4},"end":{"line":8,"column":9}},"loc":{"start":{"line":8,"column":13},"end":{"line":32,"column":5}}},"1":{"name":"(anonymous_1)","decl":{"start":{"line":34,"column":24},"end":{"line":34,"column":28}},"loc":{"start":{"line":34,"column":33},"end":{"line":34,"column":0}}},"2":{"name":"(anonymous_2)","decl":{"start":{"line":40,"column":27},"end":{"line":40,"column":34}},"loc":{"start":{"line":40,"column":39},"end":{"line":40,"column":0}}},"3":{"name":"(anonymous_3)","decl":{"start":{"line":42,"column":21},"end":{"line":42,"column":26}},"loc":{"start":{"line":42,"column":27},"end":{"line":43,"column":71}}}},"branchMap":{"0":{"loc":{"start":{"line":25,"column":84},"end":{"line":25,"column":56}},"type":"cond-expr","locations":[{"start":{"line":25,"column":84},"end":{"line":25,"column":56}},{"start":{"line":25,"column":103},"end":{"line":25,"column":20}}]}},"s":{"0":0,"1":0,"2":0,"3":0,"4":0,"5":0,"6":0,"7":0,"8":0,"9":0,"10":0,"11":0,"12":0},"f":{"0":0,"1":0,"2":0,"3":0},"b":{"0":[0,0]}}
,"/Users/ekaterina/Documents/track/frontend/project/2018-FS-11-Frontend-Ivanova-Ekaterina/src/components/SignUp/SignUp.js": {"path":"/Users/ekaterina/Documents/track/frontend/project/2018-FS-11-Frontend-Ivanova-Ekaterina/src/components/SignUp/SignUp.js","statementMap":{"0":{"start":{"line":1,"column":0},"end":{"line":null,"column":-1}},"1":{"start":{"line":2,"column":0},"end":{"line":null,"column":-1}},"2":{"start":{"line":3,"column":0},"end":{"line":null,"column":-1}},"3":{"start":{"line":4,"column":0},"end":{"line":null,"column":-1}},"4":{"start":{"line":5,"column":0},"end":{"line":null,"column":-1}},"5":{"start":{"line":6,"column":0},"end":{"line":null,"column":-1}},"6":{"start":{"line":7,"column":0},"end":{"line":null,"column":-1}},"7":{"start":{"line":8,"column":0},"end":{"line":null,"column":-1}},"8":{"start":{"line":10,"column":31},"end":{"line":null,"column":-1}},"9":{"start":{"line":64,"column":22},"end":{"line":64,"column":8}},"10":{"start":{"line":65,"column":8},"end":{"line":67,"column":9}},"11":{"start":{"line":66,"column":12},"end":{"line":null,"column":-1}},"12":{"start":{"line":68,"column":8},"end":{"line":70,"column":9}},"13":{"start":{"line":69,"column":12},"end":{"line":null,"column":-1}},"14":{"start":{"line":71,"column":8},"end":{"line":null,"column":-1}},"15":{"start":{"line":75,"column":25},"end":{"line":75,"column":8}},"16":{"start":{"line":78,"column":23},"end":{"line":78,"column":8}},"17":{"start":{"line":81,"column":8},"end":{"line":null,"column":-1}},"18":{"start":{"line":82,"column":8},"end":{"line":null,"column":-1}},"19":{"start":{"line":83,"column":8},"end":{"line":null,"column":-1}},"20":{"start":{"line":84,"column":24},"end":{"line":84,"column":8}},"21":{"start":{"line":85,"column":12},"end":{"line":null,"column":-1}},"22":{"start":{"line":87,"column":8},"end":{"line":null,"column":-1}},"23":{"start":{"line":88,"column":8},"end":{"line":null,"column":-1}},"24":{"start":{"line":93,"column":23},"end":{"line":93,"column":8}},"25":{"start":{"line":96,"column":16},"end":{"line":null,"column":-1}},"26":{"start":{"line":97,"column":16},"end":{"line":null,"column":-1}},"27":{"start":{"line":99,"column":8},"end":{"line":null,"column":-1}},"28":{"start":{"line":100,"column":8},"end":{"line":null,"column":-1}},"29":{"start":{"line":101,"column":8},"end":{"line":null,"column":-1}},"30":{"start":{"line":102,"column":8},"end":{"line":null,"column":-1}},"31":{"start":{"line":105,"column":18},"end":{"line":105,"column":8}},"32":{"start":{"line":110,"column":8},"end":{"line":null,"column":-1}},"33":{"start":{"line":111,"column":12},"end":{"line":null,"column":-1}},"34":{"start":{"line":112,"column":12},"end":{"line":null,"column":-1}},"35":{"start":{"line":116,"column":23},"end":{"line":116,"column":8}},"36":{"start":{"line":119,"column":33},"end":{"line":119,"column":16}},"37":{"start":{"line":120,"column":16},"end":{"line":null,"column":-1}},"38":{"start":{"line":126,"column":40},"end":{"line":120,"column":24}},"39":{"start":{"line":129,"column":8},"end":{"line":null,"column":-1}},"40":{"start":{"line":157,"column":27},"end":{"line":157,"column":8}},"41":{"start":{"line":158,"column":8},"end":{"line":null,"column":-1}},"42":{"start":{"line":159,"column":27},"end":{"line":159,"column":12}},"43":{"start":{"line":160,"column":12},"end":{"line":null,"column":-1}},"44":{"start":{"line":161,"column":31},"end":{"line":161,"column":16}},"45":{"start":{"line":162,"column":16},"end":{"line":null,"column":-1}},"46":{"start":{"line":163,"column":16},"end":{"line":null,"column":-1}},"47":{"start":{"line":164,"column":16},"end":{"line":null,"column":-1}},"48":{"start":{"line":165,"column":20},"end":{"line":null,"column":-1}},"49":{"start":{"line":167,"column":16},"end":{"line":null,"column":-1}},"50":{"start":{"line":169,"column":12},"end":{"line":null,"column":-1}},"51":{"start":{"line":170,"column":12},"end":{"line":null,"column":-1}},"52":{"start":{"line":174,"column":8},"end":{"line":null,"column":-1}},"53":{"start":{"line":178,"column":28},"end":{"line":178,"column":0}},"54":{"start":{"line":179,"column":4},"end":{"line":null,"column":-1}},"55":{"start":{"line":180,"column":37},"end":{"line":179,"column":12}},"56":{"start":{"line":181,"column":38},"end":{"line":181,"column":46}},"57":{"start":{"line":185,"column":24},"end":{"line":185,"column":0}},"58":{"start":{"line":186,"column":4},"end":{"line":null,"column":-1}}},"fnMap":{"0":{"name":"(anonymous_0)","decl":{"start":{"line":10,"column":31},"end":{"line":null,"column":-1}},"loc":{"start":{"line":10,"column":31},"end":{"line":null,"column":-1}}},"1":{"name":"(anonymous_1)","decl":{"start":{"line":63,"column":20},"end":{"line":63,"column":21}},"loc":{"start":{"line":63,"column":37},"end":{"line":10,"column":31}}},"2":{"name":"(anonymous_2)","decl":{"start":{"line":74,"column":18},"end":{"line":74,"column":19}},"loc":{"start":{"line":74,"column":34},"end":{"line":10,"column":31}}},"3":{"name":"(anonymous_3)","decl":{"start":{"line":84,"column":54},"end":{"line":84,"column":56}},"loc":{"start":{"line":84,"column":61},"end":{"line":84,"column":24}}},"4":{"name":"(anonymous_4)","decl":{"start":{"line":92,"column":24},"end":{"line":92,"column":29}},"loc":{"start":{"line":92,"column":30},"end":{"line":10,"column":31}}},"5":{"name":"(anonymous_5)","decl":{"start":{"line":95,"column":20},"end":{"line":95,"column":21}},"loc":{"start":{"line":95,"column":34},"end":{"line":93,"column":23}}},"6":{"name":"(anonymous_6)","decl":{"start":{"line":104,"column":4},"end":{"line":104,"column":13}},"loc":{"start":{"line":104,"column":26},"end":{"line":114,"column":5}}},"7":{"name":"(anonymous_7)","decl":{"start":{"line":110,"column":32},"end":{"line":110,"column":30}},"loc":{"start":{"line":110,"column":41},"end":{"line":110,"column":8}}},"8":{"name":"(anonymous_8)","decl":{"start":{"line":115,"column":4},"end":{"line":115,"column":9}},"loc":{"start":{"line":115,"column":13},"end":{"line":155,"column":5}}},"9":{"name":"(anonymous_9)","decl":{"start":{"line":118,"column":17},"end":{"line":118,"column":19}},"loc":{"start":{"line":118,"column":24},"end":{"line":116,"column":23}}},"10":{"name":"(anonymous_10)","decl":{"start":{"line":126,"column":30},"end":{"line":126,"column":28}},"loc":{"start":{"line":126,"column":40},"end":{"line":120,"column":24}}},"11":{"name":"(anonymous_11)","decl":{"start":{"line":156,"column":4},"end":{"line":156,"column":18}},"loc":{"start":{"line":156,"column":23},"end":{"line":172,"column":5}}},"12":{"name":"(anonymous_12)","decl":{"start":{"line":158,"column":27},"end":{"line":158,"column":28}},"loc":{"start":{"line":158,"column":41},"end":{"line":158,"column":15}}},"13":{"name":"(anonymous_13)","decl":{"start":{"line":160,"column":48},"end":{"line":160,"column":46}},"loc":{"start":{"line":160,"column":58},"end":{"line":160,"column":12}}},"14":{"name":"(anonymous_14)","decl":{"start":{"line":164,"column":56},"end":{"line":164,"column":61}},"loc":{"start":{"line":164,"column":62},"end":{"line":164,"column":16}}},"15":{"name":"(anonymous_15)","decl":{"start":{"line":173,"column":4},"end":{"line":173,"column":10}},"loc":{"start":{"line":173,"column":38},"end":{"line":175,"column":5}}},"16":{"name":"(anonymous_16)","decl":{"start":{"line":178,"column":28},"end":{"line":178,"column":26}},"loc":{"start":{"line":178,"column":41},"end":{"line":178,"column":0}}},"17":{"name":"(anonymous_17)","decl":{"start":{"line":180,"column":16},"end":{"line":180,"column":17}},"loc":{"start":{"line":180,"column":37},"end":{"line":179,"column":12}}},"18":{"name":"(anonymous_18)","decl":{"start":{"line":181,"column":17},"end":{"line":181,"column":18}},"loc":{"start":{"line":181,"column":38},"end":{"line":181,"column":46}}},"19":{"name":"(anonymous_19)","decl":{"start":{"line":185,"column":24},"end":{"line":185,"column":28}},"loc":{"start":{"line":185,"column":33},"end":{"line":185,"column":0}}}},"branchMap":{"0":{"loc":{"start":{"line":65,"column":8},"end":{"line":67,"column":9}},"type":"if","locations":[{"start":{"line":65,"column":8},"end":{"line":67,"column":9}},{"start":{"line":65,"column":8},"end":{"line":67,"column":9}}]},"1":{"loc":{"start":{"line":68,"column":8},"end":{"line":70,"column":9}},"type":"if","locations":[{"start":{"line":68,"column":8},"end":{"line":70,"column":9}},{"start":{"line":68,"column":8},"end":{"line":70,"column":9}}]},"2":{"loc":{"start":{"line":69,"column":22},"end":{"line":69,"column":21}},"type":"binary-expr","locations":[{"start":{"line":69,"column":22},"end":{"line":69,"column":21}},{"start":{"line":69,"column":63},"end":{"line":69,"column":12}}]}},"s":{"0":0,"1":0,"2":0,"3":0,"4":0,"5":0,"6":0,"7":0,"8":0,"9":0,"10":0,"11":0,"12":0,"13":0,"14":0,"15":0,"16":0,"17":0,"18":0,"19":0,"20":0,"21":0,"22":0,"23":0,"24":0,"25":0,"26":0,"27":0,"28":0,"29":0,"30":0,"31":0,"32":0,"33":0,"34":0,"35":0,"36":0,"37":0,"38":0,"39":0,"40":0,"41":0,"42":0,"43":0,"44":0,"45":0,"46":0,"47":0,"48":0,"49":0,"50":0,"51":0,"52":0,"53":0,"54":0,"55":0,"56":0,"57":0,"58":0},"f":{"0":0,"1":0,"2":0,"3":0,"4":0,"5":0,"6":0,"7":0,"8":0,"9":0,"10":0,"11":0,"12":0,"13":0,"14":0,"15":0,"16":0,"17":0,"18":0,"19":0},"b":{"0":[0,0],"1":[0,0],"2":[0,0]}}
,"/Users/ekaterina/Documents/track/frontend/project/2018-FS-11-Frontend-Ivanova-Ekaterina/src/components/StartPage/StartPage.js": {"path":"/Users/ekaterina/Documents/track/frontend/project/2018-FS-11-Frontend-Ivanova-Ekaterina/src/components/StartPage/StartPage.js","statementMap":{"0":{"start":{"line":1,"column":0},"end":{"line":null,"column":-1}},"1":{"start":{"line":2,"column":0},"end":{"line":null,"column":-1}},"2":{"start":{"line":3,"column":0},"end":{"line":null,"column":-1}},"3":{"start":{"line":4,"column":0},"end":{"line":null,"column":-1}},"4":{"start":{"line":5,"column":0},"end":{"line":null,"column":-1}},"5":{"start":{"line":6,"column":0},"end":{"line":null,"column":-1}},"6":{"start":{"line":10,"column":20},"end":{"line":10,"column":8}},"7":{"start":{"line":13,"column":8},"end":{"line":null,"column":-1}},"8":{"start":{"line":14,"column":12},"end":{"line":null,"column":-1}},"9":{"start":{"line":15,"column":12},"end":{"line":null,"column":-1}},"10":{"start":{"line":17,"column":8},"end":{"line":19,"column":9}},"11":{"start":{"line":18,"column":12},"end":{"line":null,"column":-1}},"12":{"start":{"line":22,"column":8},"end":{"line":null,"column":-1}},"13":{"start":{"line":23,"column":8},"end":{"line":null,"column":-1}},"14":{"start":{"line":28,"column":22},"end":{"line":28,"column":8}},"15":{"start":{"line":29,"column":8},"end":{"line":null,"column":-1}},"16":{"start":{"line":47,"column":66},"end":{"line":47,"column":28}},"17":{"start":{"line":55,"column":27},"end":{"line":55,"column":8}},"18":{"start":{"line":56,"column":8},"end":{"line":null,"column":-1}},"19":{"start":{"line":57,"column":27},"end":{"line":57,"column":12}},"20":{"start":{"line":58,"column":12},"end":{"line":null,"column":-1}},"21":{"start":{"line":59,"column":31},"end":{"line":59,"column":16}},"22":{"start":{"line":60,"column":16},"end":{"line":null,"column":-1}},"23":{"start":{"line":61,"column":16},"end":{"line":null,"column":-1}},"24":{"start":{"line":62,"column":16},"end":{"line":null,"column":-1}},"25":{"start":{"line":63,"column":20},"end":{"line":null,"column":-1}},"26":{"start":{"line":65,"column":16},"end":{"line":null,"column":-1}},"27":{"start":{"line":67,"column":12},"end":{"line":null,"column":-1}},"28":{"start":{"line":68,"column":12},"end":{"line":null,"column":-1}},"29":{"start":{"line":72,"column":8},"end":{"line":null,"column":-1}},"30":{"start":{"line":73,"column":8},"end":{"line":75,"column":9}},"31":{"start":{"line":74,"column":12},"end":{"line":null,"column":-1}},"32":{"start":{"line":78,"column":24},"end":{"line":78,"column":0}},"33":{"start":{"line":79,"column":4},"end":{"line":null,"column":-1}},"34":{"start":{"line":87,"column":27},"end":{"line":87,"column":0}},"35":{"start":{"line":88,"column":4},"end":{"line":null,"column":-1}},"36":{"start":{"line":89,"column":29},"end":{"line":89,"column":37}}},"fnMap":{"0":{"name":"(anonymous_0)","decl":{"start":{"line":9,"column":4},"end":{"line":9,"column":15}},"loc":{"start":{"line":9,"column":19},"end":{"line":20,"column":5}}},"1":{"name":"(anonymous_1)","decl":{"start":{"line":13,"column":32},"end":{"line":13,"column":30}},"loc":{"start":{"line":13,"column":41},"end":{"line":13,"column":8}}},"2":{"name":"(anonymous_2)","decl":{"start":{"line":21,"column":4},"end":{"line":21,"column":14}},"loc":{"start":{"line":21,"column":23},"end":{"line":26,"column":5}}},"3":{"name":"(anonymous_3)","decl":{"start":{"line":27,"column":4},"end":{"line":27,"column":9}},"loc":{"start":{"line":27,"column":13},"end":{"line":53,"column":5}}},"4":{"name":"(anonymous_4)","decl":{"start":{"line":47,"column":56},"end":{"line":47,"column":54}},"loc":{"start":{"line":47,"column":66},"end":{"line":47,"column":28}}},"5":{"name":"(anonymous_5)","decl":{"start":{"line":54,"column":4},"end":{"line":54,"column":18}},"loc":{"start":{"line":54,"column":23},"end":{"line":70,"column":5}}},"6":{"name":"(anonymous_6)","decl":{"start":{"line":56,"column":27},"end":{"line":56,"column":28}},"loc":{"start":{"line":56,"column":41},"end":{"line":56,"column":15}}},"7":{"name":"(anonymous_7)","decl":{"start":{"line":58,"column":48},"end":{"line":58,"column":46}},"loc":{"start":{"line":58,"column":58},"end":{"line":58,"column":12}}},"8":{"name":"(anonymous_8)","decl":{"start":{"line":62,"column":56},"end":{"line":62,"column":61}},"loc":{"start":{"line":62,"column":62},"end":{"line":62,"column":16}}},"9":{"name":"(anonymous_9)","decl":{"start":{"line":71,"column":4},"end":{"line":71,"column":15}},"loc":{"start":{"line":71,"column":25},"end":{"line":76,"column":5}}},"10":{"name":"(anonymous_10)","decl":{"start":{"line":78,"column":24},"end":{"line":78,"column":28}},"loc":{"start":{"line":78,"column":33},"end":{"line":78,"column":0}}},"11":{"name":"(anonymous_11)","decl":{"start":{"line":87,"column":27},"end":{"line":87,"column":34}},"loc":{"start":{"line":87,"column":39},"end":{"line":87,"column":0}}},"12":{"name":"(anonymous_12)","decl":{"start":{"line":89,"column":19},"end":{"line":89,"column":17}},"loc":{"start":{"line":89,"column":29},"end":{"line":89,"column":37}}}},"branchMap":{"0":{"loc":{"start":{"line":17,"column":8},"end":{"line":19,"column":9}},"type":"if","locations":[{"start":{"line":17,"column":8},"end":{"line":19,"column":9}},{"start":{"line":17,"column":8},"end":{"line":19,"column":9}}]},"1":{"loc":{"start":{"line":46,"column":66},"end":{"line":46,"column":42}},"type":"cond-expr","locations":[{"start":{"line":46,"column":66},"end":{"line":46,"column":42}},{"start":{"line":46,"column":86},"end":{"line":46,"column":89}}]},"2":{"loc":{"start":{"line":73,"column":8},"end":{"line":75,"column":9}},"type":"if","locations":[{"start":{"line":73,"column":8},"end":{"line":75,"column":9}},{"start":{"line":73,"column":8},"end":{"line":75,"column":9}}]}},"s":{"0":0,"1":0,"2":0,"3":0,"4":0,"5":0,"6":0,"7":0,"8":0,"9":0,"10":0,"11":0,"12":0,"13":0,"14":0,"15":0,"16":0,"17":0,"18":0,"19":0,"20":0,"21":0,"22":0,"23":0,"24":0,"25":0,"26":0,"27":0,"28":0,"29":0,"30":0,"31":0,"32":0,"33":0,"34":0,"35":0,"36":0},"f":{"0":0,"1":0,"2":0,"3":0,"4":0,"5":0,"6":0,"7":0,"8":0,"9":0,"10":0,"11":0,"12":0},"b":{"0":[0,0],"1":[0,0],"2":[0,0]}}
,"/Users/ekaterina/Documents/track/frontend/project/2018-FS-11-Frontend-Ivanova-Ekaterina/src/components/auth/Auth.js": {"path":"/Users/ekaterina/Documents/track/frontend/project/2018-FS-11-Frontend-Ivanova-Ekaterina/src/components/auth/Auth.js","statementMap":{"0":{"start":{"line":1,"column":0},"end":{"line":null,"column":-1}},"1":{"start":{"line":2,"column":0},"end":{"line":null,"column":-1}},"2":{"start":{"line":3,"column":0},"end":{"line":null,"column":-1}},"3":{"start":{"line":4,"column":0},"end":{"line":null,"column":-1}},"4":{"start":{"line":5,"column":0},"end":{"line":null,"column":-1}},"5":{"start":{"line":6,"column":0},"end":{"line":null,"column":-1}},"6":{"start":{"line":7,"column":0},"end":{"line":null,"column":-1}},"7":{"start":{"line":8,"column":0},"end":{"line":null,"column":-1}},"8":{"start":{"line":14,"column":29},"end":{"line":null,"column":-1}},"9":{"start":{"line":63,"column":22},"end":{"line":63,"column":8}},"10":{"start":{"line":64,"column":8},"end":{"line":66,"column":9}},"11":{"start":{"line":65,"column":12},"end":{"line":null,"column":-1}},"12":{"start":{"line":67,"column":8},"end":{"line":69,"column":9}},"13":{"start":{"line":68,"column":12},"end":{"line":null,"column":-1}},"14":{"start":{"line":70,"column":8},"end":{"line":null,"column":-1}},"15":{"start":{"line":74,"column":25},"end":{"line":74,"column":8}},"16":{"start":{"line":77,"column":23},"end":{"line":77,"column":8}},"17":{"start":{"line":80,"column":8},"end":{"line":null,"column":-1}},"18":{"start":{"line":81,"column":8},"end":{"line":null,"column":-1}},"19":{"start":{"line":82,"column":8},"end":{"line":null,"column":-1}},"20":{"start":{"line":83,"column":24},"end":{"line":83,"column":8}},"21":{"start":{"line":84,"column":12},"end":{"line":null,"column":-1}},"22":{"start":{"line":86,"column":8},"end":{"line":null,"column":-1}},"23":{"start":{"line":87,"column":8},"end":{"line":null,"column":-1}},"24":{"start":{"line":92,"column":8},"end":{"line":null,"column":-1}},"25":{"start":{"line":93,"column":23},"end":{"line":93,"column":8}},"26":{"start":{"line":96,"column":16},"end":{"line":null,"column":-1}},"27":{"start":{"line":97,"column":16},"end":{"line":null,"column":-1}},"28":{"start":{"line":99,"column":8},"end":{"line":null,"column":-1}},"29":{"start":{"line":100,"column":8},"end":{"line":null,"column":-1}},"30":{"start":{"line":101,"column":8},"end":{"line":null,"column":-1}},"31":{"start":{"line":53,"column":20},"end":{"line":53,"column":8}},"32":{"start":{"line":57,"column":8},"end":{"line":null,"column":-1}},"33":{"start":{"line":58,"column":12},"end":{"line":null,"column":-1}},"34":{"start":{"line":59,"column":12},"end":{"line":null,"column":-1}},"35":{"start":{"line":105,"column":23},"end":{"line":105,"column":8}},"36":{"start":{"line":108,"column":33},"end":{"line":108,"column":16}},"37":{"start":{"line":109,"column":16},"end":{"line":null,"column":-1}},"38":{"start":{"line":115,"column":40},"end":{"line":109,"column":24}},"39":{"start":{"line":118,"column":8},"end":{"line":null,"column":-1}},"40":{"start":{"line":135,"column":27},"end":{"line":135,"column":8}},"41":{"start":{"line":136,"column":8},"end":{"line":null,"column":-1}},"42":{"start":{"line":137,"column":27},"end":{"line":137,"column":12}},"43":{"start":{"line":138,"column":12},"end":{"line":null,"column":-1}},"44":{"start":{"line":139,"column":31},"end":{"line":139,"column":16}},"45":{"start":{"line":140,"column":16},"end":{"line":null,"column":-1}},"46":{"start":{"line":141,"column":16},"end":{"line":null,"column":-1}},"47":{"start":{"line":142,"column":16},"end":{"line":null,"column":-1}},"48":{"start":{"line":143,"column":20},"end":{"line":null,"column":-1}},"49":{"start":{"line":145,"column":16},"end":{"line":null,"column":-1}},"50":{"start":{"line":147,"column":12},"end":{"line":null,"column":-1}},"51":{"start":{"line":148,"column":12},"end":{"line":null,"column":-1}},"52":{"start":{"line":153,"column":8},"end":{"line":null,"column":-1}},"53":{"start":{"line":154,"column":8},"end":{"line":160,"column":9}},"54":{"start":{"line":156,"column":12},"end":{"line":null,"column":-1}},"55":{"start":{"line":159,"column":12},"end":{"line":null,"column":-1}},"56":{"start":{"line":164,"column":28},"end":{"line":164,"column":0}},"57":{"start":{"line":165,"column":4},"end":{"line":null,"column":-1}},"58":{"start":{"line":166,"column":37},"end":{"line":165,"column":12}},"59":{"start":{"line":167,"column":38},"end":{"line":165,"column":12}},"60":{"start":{"line":168,"column":28},"end":{"line":null,"column":-1}},"61":{"start":{"line":169,"column":12},"end":{"line":null,"column":-1}},"62":{"start":{"line":173,"column":24},"end":{"line":173,"column":0}},"63":{"start":{"line":174,"column":4},"end":{"line":null,"column":-1}}},"fnMap":{"0":{"name":"vk_auth","decl":{"start":{"line":11,"column":9},"end":{"line":11,"column":0}},"loc":{"start":{"line":11,"column":19},"end":{"line":13,"column":1}}},"1":{"name":"(anonymous_1)","decl":{"start":{"line":14,"column":29},"end":{"line":null,"column":-1}},"loc":{"start":{"line":14,"column":29},"end":{"line":null,"column":-1}}},"2":{"name":"(anonymous_2)","decl":{"start":{"line":62,"column":20},"end":{"line":62,"column":21}},"loc":{"start":{"line":62,"column":37},"end":{"line":14,"column":29}}},"3":{"name":"(anonymous_3)","decl":{"start":{"line":73,"column":18},"end":{"line":73,"column":19}},"loc":{"start":{"line":73,"column":34},"end":{"line":14,"column":29}}},"4":{"name":"(anonymous_4)","decl":{"start":{"line":83,"column":54},"end":{"line":83,"column":56}},"loc":{"start":{"line":83,"column":61},"end":{"line":83,"column":24}}},"5":{"name":"(anonymous_5)","decl":{"start":{"line":91,"column":25},"end":{"line":91,"column":23}},"loc":{"start":{"line":91,"column":35},"end":{"line":14,"column":29}}},"6":{"name":"(anonymous_6)","decl":{"start":{"line":95,"column":20},"end":{"line":95,"column":21}},"loc":{"start":{"line":95,"column":34},"end":{"line":93,"column":23}}},"7":{"name":"(anonymous_7)","decl":{"start":{"line":52,"column":4},"end":{"line":52,"column":11}},"loc":{"start":{"line":52,"column":19},"end":{"line":61,"column":5}}},"8":{"name":"(anonymous_8)","decl":{"start":{"line":57,"column":32},"end":{"line":57,"column":30}},"loc":{"start":{"line":57,"column":41},"end":{"line":57,"column":8}}},"9":{"name":"(anonymous_9)","decl":{"start":{"line":104,"column":4},"end":{"line":104,"column":9}},"loc":{"start":{"line":104,"column":13},"end":{"line":133,"column":5}}},"10":{"name":"(anonymous_10)","decl":{"start":{"line":107,"column":17},"end":{"line":107,"column":19}},"loc":{"start":{"line":107,"column":24},"end":{"line":105,"column":23}}},"11":{"name":"(anonymous_11)","decl":{"start":{"line":115,"column":30},"end":{"line":115,"column":28}},"loc":{"start":{"line":115,"column":40},"end":{"line":109,"column":24}}},"12":{"name":"(anonymous_12)","decl":{"start":{"line":134,"column":4},"end":{"line":134,"column":18}},"loc":{"start":{"line":134,"column":23},"end":{"line":150,"column":5}}},"13":{"name":"(anonymous_13)","decl":{"start":{"line":136,"column":27},"end":{"line":136,"column":28}},"loc":{"start":{"line":136,"column":41},"end":{"line":136,"column":15}}},"14":{"name":"(anonymous_14)","decl":{"start":{"line":138,"column":48},"end":{"line":138,"column":46}},"loc":{"start":{"line":138,"column":58},"end":{"line":138,"column":12}}},"15":{"name":"(anonymous_15)","decl":{"start":{"line":142,"column":56},"end":{"line":142,"column":61}},"loc":{"start":{"line":142,"column":62},"end":{"line":142,"column":16}}},"16":{"name":"(anonymous_16)","decl":{"start":{"line":151,"column":4},"end":{"line":151,"column":19}},"loc":{"start":{"line":151,"column":29},"end":{"line":161,"column":5}}},"17":{"name":"(anonymous_17)","decl":{"start":{"line":164,"column":28},"end":{"line":164,"column":26}},"loc":{"start":{"line":164,"column":41},"end":{"line":164,"column":0}}},"18":{"name":"(anonymous_18)","decl":{"start":{"line":166,"column":16},"end":{"line":166,"column":17}},"loc":{"start":{"line":166,"column":37},"end":{"line":165,"column":12}}},"19":{"name":"(anonymous_19)","decl":{"start":{"line":167,"column":17},"end":{"line":167,"column":18}},"loc":{"start":{"line":167,"column":38},"end":{"line":165,"column":12}}},"20":{"name":"(anonymous_20)","decl":{"start":{"line":168,"column":21},"end":{"line":168,"column":26}},"loc":{"start":{"line":168,"column":27},"end":{"line":169,"column":55}}},"21":{"name":"(anonymous_21)","decl":{"start":{"line":173,"column":24},"end":{"line":173,"column":28}},"loc":{"start":{"line":173,"column":33},"end":{"line":173,"column":0}}}},"branchMap":{"0":{"loc":{"start":{"line":64,"column":8},"end":{"line":66,"column":9}},"type":"if","locations":[{"start":{"line":64,"column":8},"end":{"line":66,"column":9}},{"start":{"line":64,"column":8},"end":{"line":66,"column":9}}]},"1":{"loc":{"start":{"line":67,"column":8},"end":{"line":69,"column":9}},"type":"if","locations":[{"start":{"line":67,"column":8},"end":{"line":69,"column":9}},{"start":{"line":67,"column":8},"end":{"line":69,"column":9}}]},"2":{"loc":{"start":{"line":68,"column":22},"end":{"line":68,"column":21}},"type":"binary-expr","locations":[{"start":{"line":68,"column":22},"end":{"line":68,"column":21}},{"start":{"line":68,"column":63},"end":{"line":68,"column":12}}]},"3":{"loc":{"start":{"line":154,"column":8},"end":{"line":160,"column":9}},"type":"if","locations":[{"start":{"line":154,"column":8},"end":{"line":160,"column":9}},{"start":{"line":154,"column":8},"end":{"line":160,"column":9}}]}},"s":{"0":0,"1":0,"2":0,"3":0,"4":0,"5":0,"6":0,"7":0,"8":0,"9":0,"10":0,"11":0,"12":0,"13":0,"14":0,"15":0,"16":0,"17":0,"18":0,"19":0,"20":0,"21":0,"22":0,"23":0,"24":0,"25":0,"26":0,"27":0,"28":0,"29":0,"30":0,"31":0,"32":0,"33":0,"34":0,"35":0,"36":0,"37":0,"38":0,"39":0,"40":0,"41":0,"42":0,"43":0,"44":0,"45":0,"46":0,"47":0,"48":0,"49":0,"50":0,"51":0,"52":0,"53":0,"54":0,"55":0,"56":0,"57":0,"58":0,"59":0,"60":0,"61":0,"62":0,"63":0},"f":{"0":0,"1":0,"2":0,"3":0,"4":0,"5":0,"6":0,"7":0,"8":0,"9":0,"10":0,"11":0,"12":0,"13":0,"14":0,"15":0,"16":0,"17":0,"18":0,"19":0,"20":0,"21":0},"b":{"0":[0,0],"1":[0,0],"2":[0,0],"3":[0,0]}}
,"/Users/ekaterina/Documents/track/frontend/project/2018-FS-11-Frontend-Ivanova-Ekaterina/src/components/chat-list/ChatList.js": {"path":"/Users/ekaterina/Documents/track/frontend/project/2018-FS-11-Frontend-Ivanova-Ekaterina/src/components/chat-list/ChatList.js","statementMap":{"0":{"start":{"line":1,"column":0},"end":{"line":null,"column":-1}},"1":{"start":{"line":2,"column":0},"end":{"line":null,"column":-1}},"2":{"start":{"line":3,"column":0},"end":{"line":null,"column":-1}},"3":{"start":{"line":4,"column":0},"end":{"line":null,"column":-1}},"4":{"start":{"line":5,"column":0},"end":{"line":null,"column":-1}},"5":{"start":{"line":8,"column":33},"end":{"line":null,"column":-1}},"6":{"start":{"line":13,"column":8},"end":{"line":null,"column":-1}},"7":{"start":{"line":17,"column":22},"end":{"line":17,"column":8}},"8":{"start":{"line":18,"column":24},"end":{"line":18,"column":8}},"9":{"start":{"line":19,"column":8},"end":{"line":25,"column":9}},"10":{"start":{"line":20,"column":12},"end":{"line":null,"column":-1}},"11":{"start":{"line":21,"column":16},"end":{"line":20,"column":24}},"12":{"start":{"line":26,"column":8},"end":{"line":null,"column":-1}},"13":{"start":{"line":41,"column":97},"end":{"line":41,"column":24}},"14":{"start":{"line":51,"column":24},"end":{"line":51,"column":0}},"15":{"start":{"line":52,"column":4},"end":{"line":null,"column":-1}}},"fnMap":{"0":{"name":"(anonymous_0)","decl":{"start":{"line":8,"column":33},"end":{"line":null,"column":-1}},"loc":{"start":{"line":8,"column":33},"end":{"line":null,"column":-1}}},"1":{"name":"(anonymous_1)","decl":{"start":{"line":12,"column":4},"end":{"line":12,"column":23}},"loc":{"start":{"line":12,"column":26},"end":{"line":14,"column":5}}},"2":{"name":"(anonymous_2)","decl":{"start":{"line":16,"column":4},"end":{"line":16,"column":9}},"loc":{"start":{"line":16,"column":13},"end":{"line":49,"column":5}}},"3":{"name":"(anonymous_3)","decl":{"start":{"line":20,"column":40},"end":{"line":20,"column":41}},"loc":{"start":{"line":21,"column":16},"end":{"line":20,"column":24}}},"4":{"name":"(anonymous_4)","decl":{"start":{"line":41,"column":87},"end":{"line":41,"column":85}},"loc":{"start":{"line":41,"column":97},"end":{"line":41,"column":24}}},"5":{"name":"(anonymous_5)","decl":{"start":{"line":51,"column":24},"end":{"line":51,"column":28}},"loc":{"start":{"line":51,"column":33},"end":{"line":51,"column":0}}}},"branchMap":{"0":{"loc":{"start":{"line":19,"column":8},"end":{"line":25,"column":9}},"type":"if","locations":[{"start":{"line":19,"column":8},"end":{"line":25,"column":9}},{"start":{"line":19,"column":8},"end":{"line":25,"column":9}}]}},"s":{"0":0,"1":0,"2":0,"3":0,"4":0,"5":0,"6":0,"7":0,"8":0,"9":0,"10":0,"11":0,"12":0,"13":0,"14":0,"15":0},"f":{"0":0,"1":0,"2":0,"3":0,"4":0,"5":0},"b":{"0":[0,0]}}
,"/Users/ekaterina/Documents/track/frontend/project/2018-FS-11-Frontend-Ivanova-Ekaterina/src/components/createChat/createChat.js": {"path":"/Users/ekaterina/Documents/track/frontend/project/2018-FS-11-Frontend-Ivanova-Ekaterina/src/components/createChat/createChat.js","statementMap":{"0":{"start":{"line":1,"column":0},"end":{"line":null,"column":-1}},"1":{"start":{"line":2,"column":0},"end":{"line":null,"column":-1}},"2":{"start":{"line":3,"column":0},"end":{"line":null,"column":-1}},"3":{"start":{"line":4,"column":0},"end":{"line":null,"column":-1}},"4":{"start":{"line":5,"column":0},"end":{"line":null,"column":-1}},"5":{"start":{"line":6,"column":0},"end":{"line":null,"column":-1}},"6":{"start":{"line":8,"column":35},"end":{"line":null,"column":-1}},"7":{"start":{"line":15,"column":8},"end":{"line":null,"column":-1}},"8":{"start":{"line":18,"column":8},"end":{"line":null,"column":-1}},"9":{"start":{"line":21,"column":19},"end":{"line":21,"column":8}},"10":{"start":{"line":26,"column":8},"end":{"line":null,"column":-1}},"11":{"start":{"line":27,"column":18},"end":{"line":27,"column":8}},"12":{"start":{"line":33,"column":8},"end":{"line":null,"column":-1}},"13":{"start":{"line":34,"column":12},"end":{"line":null,"column":-1}},"14":{"start":{"line":35,"column":12},"end":{"line":null,"column":-1}},"15":{"start":{"line":39,"column":22},"end":{"line":39,"column":8}},"16":{"start":{"line":40,"column":8},"end":{"line":null,"column":-1}},"17":{"start":{"line":44,"column":56},"end":{"line":44,"column":16}},"18":{"start":{"line":48,"column":60},"end":{"line":48,"column":20}},"19":{"start":{"line":52,"column":62},"end":{"line":52,"column":24}},"20":{"start":{"line":59,"column":27},"end":{"line":59,"column":8}},"21":{"start":{"line":60,"column":8},"end":{"line":null,"column":-1}},"22":{"start":{"line":61,"column":27},"end":{"line":61,"column":12}},"23":{"start":{"line":62,"column":12},"end":{"line":null,"column":-1}},"24":{"start":{"line":63,"column":31},"end":{"line":63,"column":16}},"25":{"start":{"line":64,"column":16},"end":{"line":null,"column":-1}},"26":{"start":{"line":65,"column":16},"end":{"line":null,"column":-1}},"27":{"start":{"line":66,"column":16},"end":{"line":null,"column":-1}},"28":{"start":{"line":67,"column":20},"end":{"line":null,"column":-1}},"29":{"start":{"line":69,"column":16},"end":{"line":null,"column":-1}},"30":{"start":{"line":71,"column":12},"end":{"line":null,"column":-1}},"31":{"start":{"line":72,"column":12},"end":{"line":null,"column":-1}},"32":{"start":{"line":76,"column":8},"end":{"line":null,"column":-1}},"33":{"start":{"line":79,"column":24},"end":{"line":79,"column":0}},"34":{"start":{"line":80,"column":4},"end":{"line":null,"column":-1}},"35":{"start":{"line":87,"column":27},"end":{"line":87,"column":0}},"36":{"start":{"line":88,"column":4},"end":{"line":null,"column":-1}},"37":{"start":{"line":89,"column":28},"end":{"line":89,"column":36}}},"fnMap":{"0":{"name":"(anonymous_0)","decl":{"start":{"line":8,"column":35},"end":{"line":null,"column":-1}},"loc":{"start":{"line":8,"column":35},"end":{"line":null,"column":-1}}},"1":{"name":"(anonymous_1)","decl":{"start":{"line":14,"column":4},"end":{"line":14,"column":18}},"loc":{"start":{"line":14,"column":26},"end":{"line":16,"column":5}}},"2":{"name":"(anonymous_2)","decl":{"start":{"line":17,"column":4},"end":{"line":17,"column":19}},"loc":{"start":{"line":17,"column":27},"end":{"line":19,"column":5}}},"3":{"name":"(anonymous_3)","decl":{"start":{"line":20,"column":4},"end":{"line":20,"column":13}},"loc":{"start":{"line":20,"column":50},"end":{"line":37,"column":5}}},"4":{"name":"(anonymous_4)","decl":{"start":{"line":33,"column":32},"end":{"line":33,"column":30}},"loc":{"start":{"line":33,"column":41},"end":{"line":33,"column":8}}},"5":{"name":"(anonymous_5)","decl":{"start":{"line":38,"column":4},"end":{"line":38,"column":9}},"loc":{"start":{"line":38,"column":13},"end":{"line":57,"column":5}}},"6":{"name":"(anonymous_6)","decl":{"start":{"line":44,"column":46},"end":{"line":44,"column":44}},"loc":{"start":{"line":44,"column":56},"end":{"line":44,"column":16}}},"7":{"name":"(anonymous_7)","decl":{"start":{"line":48,"column":50},"end":{"line":48,"column":48}},"loc":{"start":{"line":48,"column":60},"end":{"line":48,"column":20}}},"8":{"name":"(anonymous_8)","decl":{"start":{"line":52,"column":56},"end":{"line":52,"column":55}},"loc":{"start":{"line":52,"column":62},"end":{"line":52,"column":24}}},"9":{"name":"(anonymous_9)","decl":{"start":{"line":58,"column":4},"end":{"line":58,"column":18}},"loc":{"start":{"line":58,"column":23},"end":{"line":74,"column":5}}},"10":{"name":"(anonymous_10)","decl":{"start":{"line":60,"column":27},"end":{"line":60,"column":28}},"loc":{"start":{"line":60,"column":41},"end":{"line":60,"column":15}}},"11":{"name":"(anonymous_11)","decl":{"start":{"line":62,"column":48},"end":{"line":62,"column":46}},"loc":{"start":{"line":62,"column":58},"end":{"line":62,"column":12}}},"12":{"name":"(anonymous_12)","decl":{"start":{"line":66,"column":56},"end":{"line":66,"column":61}},"loc":{"start":{"line":66,"column":62},"end":{"line":66,"column":16}}},"13":{"name":"(anonymous_13)","decl":{"start":{"line":75,"column":4},"end":{"line":75,"column":10}},"loc":{"start":{"line":75,"column":38},"end":{"line":77,"column":5}}},"14":{"name":"(anonymous_14)","decl":{"start":{"line":79,"column":24},"end":{"line":79,"column":28}},"loc":{"start":{"line":79,"column":33},"end":{"line":79,"column":0}}},"15":{"name":"(anonymous_15)","decl":{"start":{"line":87,"column":27},"end":{"line":87,"column":34}},"loc":{"start":{"line":87,"column":39},"end":{"line":87,"column":0}}},"16":{"name":"(anonymous_16)","decl":{"start":{"line":89,"column":18},"end":{"line":89,"column":16}},"loc":{"start":{"line":89,"column":28},"end":{"line":89,"column":36}}}},"branchMap":{},"s":{"0":0,"1":0,"2":0,"3":0,"4":0,"5":0,"6":0,"7":0,"8":0,"9":0,"10":0,"11":0,"12":0,"13":0,"14":0,"15":0,"16":0,"17":0,"18":0,"19":0,"20":0,"21":0,"22":0,"23":0,"24":0,"25":0,"26":0,"27":0,"28":0,"29":0,"30":0,"31":0,"32":0,"33":0,"34":0,"35":0,"36":0,"37":0},"f":{"0":0,"1":0,"2":0,"3":0,"4":0,"5":0,"6":0,"7":0,"8":0,"9":0,"10":0,"11":0,"12":0,"13":0,"14":0,"15":0,"16":0},"b":{}}
,"/Users/ekaterina/Documents/track/frontend/project/2018-FS-11-Frontend-Ivanova-Ekaterina/src/components/emoji/emoji.js": {"path":"/Users/ekaterina/Documents/track/frontend/project/2018-FS-11-Frontend-Ivanova-Ekaterina/src/components/emoji/emoji.js","statementMap":{"0":{"start":{"line":1,"column":0},"end":{"line":null,"column":-1}},"1":{"start":{"line":2,"column":0},"end":{"line":null,"column":-1}},"2":{"start":{"line":3,"column":0},"end":{"line":null,"column":-1}},"3":{"start":{"line":4,"column":0},"end":{"line":null,"column":-1}},"4":{"start":{"line":8,"column":8},"end":{"line":null,"column":-1}},"5":{"start":{"line":11,"column":22},"end":{"line":11,"column":8}},"6":{"start":{"line":12,"column":8},"end":{"line":null,"column":-1}},"7":{"start":{"line":13,"column":110},"end":{"line":13,"column":12}},"8":{"start":{"line":18,"column":24},"end":{"line":18,"column":0}},"9":{"start":{"line":19,"column":4},"end":{"line":null,"column":-1}},"10":{"start":{"line":26,"column":27},"end":{"line":26,"column":0}},"11":{"start":{"line":27,"column":4},"end":{"line":null,"column":-1}},"12":{"start":{"line":28,"column":38},"end":{"line":28,"column":46}}},"fnMap":{"0":{"name":"(anonymous_0)","decl":{"start":{"line":7,"column":4},"end":{"line":7,"column":11}},"loc":{"start":{"line":7,"column":30},"end":{"line":9,"column":5}}},"1":{"name":"(anonymous_1)","decl":{"start":{"line":10,"column":4},"end":{"line":10,"column":9}},"loc":{"start":{"line":10,"column":13},"end":{"line":15,"column":5}}},"2":{"name":"(anonymous_2)","decl":{"start":{"line":13,"column":100},"end":{"line":13,"column":98}},"loc":{"start":{"line":13,"column":110},"end":{"line":13,"column":12}}},"3":{"name":"(anonymous_3)","decl":{"start":{"line":18,"column":24},"end":{"line":18,"column":28}},"loc":{"start":{"line":18,"column":33},"end":{"line":18,"column":0}}},"4":{"name":"(anonymous_4)","decl":{"start":{"line":26,"column":27},"end":{"line":26,"column":34}},"loc":{"start":{"line":26,"column":39},"end":{"line":26,"column":0}}},"5":{"name":"(anonymous_5)","decl":{"start":{"line":28,"column":18},"end":{"line":28,"column":19}},"loc":{"start":{"line":28,"column":38},"end":{"line":28,"column":46}}}},"branchMap":{},"s":{"0":0,"1":0,"2":0,"3":0,"4":0,"5":0,"6":0,"7":0,"8":0,"9":0,"10":0,"11":0,"12":0},"f":{"0":0,"1":0,"2":0,"3":0,"4":0,"5":0},"b":{}}
,"/Users/ekaterina/Documents/track/frontend/project/2018-FS-11-Frontend-Ivanova-Ekaterina/src/components/emojiPanel/emojiPanel.js": {"path":"/Users/ekaterina/Documents/track/frontend/project/2018-FS-11-Frontend-Ivanova-Ekaterina/src/components/emojiPanel/emojiPanel.js","statementMap":{"0":{"start":{"line":1,"column":0},"end":{"line":null,"column":-1}},"1":{"start":{"line":2,"column":0},"end":{"line":null,"column":-1}},"2":{"start":{"line":3,"column":0},"end":{"line":null,"column":-1}},"3":{"start":{"line":6,"column":22},"end":{"line":6,"column":8}},"4":{"start":{"line":7,"column":8},"end":{"line":null,"column":-1}}},"fnMap":{"0":{"name":"(anonymous_0)","decl":{"start":{"line":5,"column":4},"end":{"line":5,"column":9}},"loc":{"start":{"line":5,"column":13},"end":{"line":20,"column":5}}}},"branchMap":{"0":{"loc":{"start":{"line":8,"column":44},"end":{"line":8,"column":28}},"type":"cond-expr","locations":[{"start":{"line":8,"column":44},"end":{"line":8,"column":28}},{"start":{"line":8,"column":85},"end":{"line":8,"column":12}}]}},"s":{"0":0,"1":0,"2":0,"3":0,"4":0},"f":{"0":0},"b":{"0":[0,0]}}
,"/Users/ekaterina/Documents/track/frontend/project/2018-FS-11-Frontend-Ivanova-Ekaterina/src/components/form-input/InputForm.js": {"path":"/Users/ekaterina/Documents/track/frontend/project/2018-FS-11-Frontend-Ivanova-Ekaterina/src/components/form-input/InputForm.js","statementMap":{"0":{"start":{"line":1,"column":0},"end":{"line":null,"column":-1}},"1":{"start":{"line":2,"column":0},"end":{"line":null,"column":-1}},"2":{"start":{"line":3,"column":0},"end":{"line":null,"column":-1}},"3":{"start":{"line":4,"column":0},"end":{"line":null,"column":-1}},"4":{"start":{"line":5,"column":0},"end":{"line":null,"column":-1}},"5":{"start":{"line":7,"column":35},"end":{"line":null,"column":-1}},"6":{"start":{"line":13,"column":20},"end":{"line":13,"column":8}},"7":{"start":{"line":14,"column":20},"end":{"line":14,"column":8}},"8":{"start":{"line":15,"column":8},"end":{"line":24,"column":9}},"9":{"start":{"line":19,"column":12},"end":{"line":null,"column":-1}},"10":{"start":{"line":23,"column":12},"end":{"line":null,"column":-1}},"11":{"start":{"line":28,"column":8},"end":{"line":null,"column":-1}},"12":{"start":{"line":32,"column":8},"end":{"line":null,"column":-1}},"13":{"start":{"line":33,"column":12},"end":{"line":null,"column":-1}},"14":{"start":{"line":38,"column":8},"end":{"line":45,"column":9}},"15":{"start":{"line":39,"column":28},"end":{"line":39,"column":12}},"16":{"start":{"line":40,"column":12},"end":{"line":null,"column":-1}},"17":{"start":{"line":41,"column":16},"end":{"line":null,"column":-1}},"18":{"start":{"line":44,"column":12},"end":{"line":null,"column":-1}},"19":{"start":{"line":49,"column":22},"end":{"line":49,"column":8}},"20":{"start":{"line":50,"column":8},"end":{"line":null,"column":-1}},"21":{"start":{"line":54,"column":75},"end":{"line":null,"column":-1}},"22":{"start":{"line":55,"column":56},"end":{"line":null,"column":-1}},"23":{"start":{"line":56,"column":56},"end":{"line":null,"column":-1}},"24":{"start":{"line":57,"column":56},"end":{"line":59,"column":135}},"25":{"start":{"line":58,"column":60},"end":{"line":null,"column":-1}},"26":{"start":{"line":59,"column":60},"end":{"line":null,"column":-1}},"27":{"start":{"line":61,"column":113},"end":{"line":61,"column":20}},"28":{"start":{"line":66,"column":91},"end":{"line":66,"column":28}},"29":{"start":{"line":68,"column":113},"end":{"line":68,"column":24}},"30":{"start":{"line":69,"column":110},"end":{"line":69,"column":24}},"31":{"start":{"line":77,"column":24},"end":{"line":77,"column":0}},"32":{"start":{"line":78,"column":4},"end":{"line":null,"column":-1}},"33":{"start":{"line":87,"column":27},"end":{"line":87,"column":0}},"34":{"start":{"line":88,"column":4},"end":{"line":null,"column":-1}},"35":{"start":{"line":89,"column":48},"end":{"line":88,"column":11}},"36":{"start":{"line":90,"column":26},"end":{"line":88,"column":11}},"37":{"start":{"line":91,"column":36},"end":{"line":88,"column":11}},"38":{"start":{"line":92,"column":25},"end":{"line":88,"column":11}},"39":{"start":{"line":93,"column":34},"end":{"line":93,"column":42}}},"fnMap":{"0":{"name":"(anonymous_0)","decl":{"start":{"line":7,"column":35},"end":{"line":null,"column":-1}},"loc":{"start":{"line":7,"column":35},"end":{"line":null,"column":-1}}},"1":{"name":"(anonymous_1)","decl":{"start":{"line":12,"column":4},"end":{"line":12,"column":15}},"loc":{"start":{"line":12,"column":30},"end":{"line":25,"column":5}}},"2":{"name":"(anonymous_2)","decl":{"start":{"line":27,"column":4},"end":{"line":27,"column":18}},"loc":{"start":{"line":27,"column":21},"end":{"line":29,"column":5}}},"3":{"name":"(anonymous_3)","decl":{"start":{"line":31,"column":4},"end":{"line":31,"column":14}},"loc":{"start":{"line":31,"column":24},"end":{"line":35,"column":5}}},"4":{"name":"(anonymous_4)","decl":{"start":{"line":32,"column":27},"end":{"line":32,"column":28}},"loc":{"start":{"line":32,"column":48},"end":{"line":32,"column":15}}},"5":{"name":"(anonymous_5)","decl":{"start":{"line":37,"column":4},"end":{"line":37,"column":20}},"loc":{"start":{"line":37,"column":39},"end":{"line":46,"column":5}}},"6":{"name":"(anonymous_6)","decl":{"start":{"line":40,"column":26},"end":{"line":40,"column":24}},"loc":{"start":{"line":40,"column":39},"end":{"line":40,"column":12}}},"7":{"name":"(anonymous_7)","decl":{"start":{"line":48,"column":4},"end":{"line":48,"column":9}},"loc":{"start":{"line":48,"column":13},"end":{"line":74,"column":5}}},"8":{"name":"(anonymous_8)","decl":{"start":{"line":54,"column":64},"end":{"line":54,"column":62}},"loc":{"start":{"line":54,"column":74},"end":{"line":54,"column":16}}},"9":{"name":"(anonymous_9)","decl":{"start":{"line":61,"column":103},"end":{"line":61,"column":101}},"loc":{"start":{"line":61,"column":113},"end":{"line":61,"column":20}}},"10":{"name":"(anonymous_10)","decl":{"start":{"line":66,"column":81},"end":{"line":66,"column":79}},"loc":{"start":{"line":66,"column":91},"end":{"line":66,"column":28}}},"11":{"name":"(anonymous_11)","decl":{"start":{"line":68,"column":103},"end":{"line":68,"column":101}},"loc":{"start":{"line":68,"column":113},"end":{"line":68,"column":24}}},"12":{"name":"(anonymous_12)","decl":{"start":{"line":69,"column":100},"end":{"line":69,"column":98}},"loc":{"start":{"line":69,"column":110},"end":{"line":69,"column":24}}},"13":{"name":"(anonymous_13)","decl":{"start":{"line":77,"column":24},"end":{"line":77,"column":28}},"loc":{"start":{"line":77,"column":33},"end":{"line":77,"column":0}}},"14":{"name":"(anonymous_14)","decl":{"start":{"line":87,"column":27},"end":{"line":87,"column":34}},"loc":{"start":{"line":87,"column":39},"end":{"line":87,"column":0}}},"15":{"name":"(anonymous_15)","decl":{"start":{"line":89,"column":21},"end":{"line":89,"column":22}},"loc":{"start":{"line":89,"column":48},"end":{"line":88,"column":11}}},"16":{"name":"(anonymous_16)","decl":{"start":{"line":90,"column":20},"end":{"line":90,"column":25}},"loc":{"start":{"line":90,"column":26},"end":{"line":88,"column":11}}},"17":{"name":"(anonymous_17)","decl":{"start":{"line":91,"column":19},"end":{"line":91,"column":20}},"loc":{"start":{"line":91,"column":36},"end":{"line":88,"column":11}}},"18":{"name":"(anonymous_18)","decl":{"start":{"line":92,"column":16},"end":{"line":92,"column":14}},"loc":{"start":{"line":92,"column":25},"end":{"line":88,"column":11}}},"19":{"name":"(anonymous_19)","decl":{"start":{"line":93,"column":18},"end":{"line":93,"column":19}},"loc":{"start":{"line":93,"column":34},"end":{"line":93,"column":42}}}},"branchMap":{"0":{"loc":{"start":{"line":15,"column":8},"end":{"line":24,"column":9}},"type":"if","locations":[{"start":{"line":15,"column":8},"end":{"line":24,"column":9}},{"start":{"line":15,"column":8},"end":{"line":24,"column":9}}]},"1":{"loc":{"start":{"line":15,"column":13},"end":{"line":15,"column":12}},"type":"binary-expr","locations":[{"start":{"line":15,"column":13},"end":{"line":15,"column":12}},{"start":{"line":16,"column":16},"end":{"line":15,"column":12}},{"start":{"line":17,"column":16},"end":{"line":15,"column":8}}]},"2":{"loc":{"start":{"line":38,"column":8},"end":{"line":45,"column":9}},"type":"if","locations":[{"start":{"line":38,"column":8},"end":{"line":45,"column":9}},{"start":{"line":38,"column":8},"end":{"line":45,"column":9}}]},"3":{"loc":{"start":{"line":57,"column":56},"end":{"line":59,"column":135}},"type":"if","locations":[{"start":{"line":57,"column":56},"end":{"line":59,"column":135}},{"start":{"line":57,"column":56},"end":{"line":59,"column":135}}]},"4":{"loc":{"start":{"line":63,"column":66},"end":{"line":63,"column":40}},"type":"cond-expr","locations":[{"start":{"line":63,"column":66},"end":{"line":63,"column":40}},{"start":{"line":63,"column":109},"end":{"line":63,"column":24}}]}},"s":{"0":0,"1":0,"2":0,"3":0,"4":0,"5":0,"6":0,"7":0,"8":0,"9":0,"10":0,"11":0,"12":0,"13":0,"14":0,"15":0,"16":0,"17":0,"18":0,"19":0,"20":0,"21":0,"22":0,"23":0,"24":0,"25":0,"26":0,"27":0,"28":0,"29":0,"30":0,"31":0,"32":0,"33":0,"34":0,"35":0,"36":0,"37":0,"38":0,"39":0},"f":{"0":0,"1":0,"2":0,"3":0,"4":0,"5":0,"6":0,"7":0,"8":0,"9":0,"10":0,"11":0,"12":0,"13":0,"14":0,"15":0,"16":0,"17":0,"18":0,"19":0},"b":{"0":[0,0],"1":[0,0,0],"2":[0,0],"3":[0,0],"4":[0,0]}}
,"/Users/ekaterina/Documents/track/frontend/project/2018-FS-11-Frontend-Ivanova-Ekaterina/src/components/form-input/index.js": {"path":"/Users/ekaterina/Documents/track/frontend/project/2018-FS-11-Frontend-Ivanova-Ekaterina/src/components/form-input/index.js","statementMap":{"0":{"start":{"line":1,"column":0},"end":{"line":null,"column":-1}}},"fnMap":{"0":{"name":"(anonymous_0)","decl":{"start":{"line":1,"column":0},"end":{"line":null,"column":-1}},"loc":{"start":{"line":1,"column":0},"end":{"line":null,"column":-1}}}},"branchMap":{"0":{"loc":{"start":{"line":1,"column":0},"end":{"line":null,"column":-1}},"type":"if","locations":[{"start":{"line":1,"column":0},"end":{"line":null,"column":-1}},{"start":{"line":1,"column":0},"end":{"line":null,"column":-1}}]}},"s":{"0":0},"f":{"0":0},"b":{"0":[0,0]}}
,"/Users/ekaterina/Documents/track/frontend/project/2018-FS-11-Frontend-Ivanova-Ekaterina/src/components/head/head.js": {"path":"/Users/ekaterina/Documents/track/frontend/project/2018-FS-11-Frontend-Ivanova-Ekaterina/src/components/head/head.js","statementMap":{"0":{"start":{"line":1,"column":0},"end":{"line":null,"column":-1}},"1":{"start":{"line":2,"column":0},"end":{"line":null,"column":-1}},"2":{"start":{"line":3,"column":0},"end":{"line":null,"column":-1}},"3":{"start":{"line":7,"column":22},"end":{"line":7,"column":8}},"4":{"start":{"line":8,"column":8},"end":{"line":null,"column":-1}}},"fnMap":{"0":{"name":"(anonymous_0)","decl":{"start":{"line":6,"column":4},"end":{"line":6,"column":9}},"loc":{"start":{"line":6,"column":13},"end":{"line":29,"column":5}}}},"branchMap":{},"s":{"0":0,"1":0,"2":0,"3":0,"4":0},"f":{"0":0},"b":{}}
,"/Users/ekaterina/Documents/track/frontend/project/2018-FS-11-Frontend-Ivanova-Ekaterina/src/components/head/index.js": {"path":"/Users/ekaterina/Documents/track/frontend/project/2018-FS-11-Frontend-Ivanova-Ekaterina/src/components/head/index.js","statementMap":{"0":{"start":{"line":1,"column":0},"end":{"line":null,"column":-1}}},"fnMap":{"0":{"name":"(anonymous_0)","decl":{"start":{"line":1,"column":0},"end":{"line":null,"column":-1}},"loc":{"start":{"line":1,"column":0},"end":{"line":null,"column":-1}}}},"branchMap":{"0":{"loc":{"start":{"line":1,"column":0},"end":{"line":null,"column":-1}},"type":"if","locations":[{"start":{"line":1,"column":0},"end":{"line":null,"column":-1}},{"start":{"line":1,"column":0},"end":{"line":null,"column":-1}}]}},"s":{"0":0},"f":{"0":0},"b":{"0":[0,0]}}
,"/Users/ekaterina/Documents/track/frontend/project/2018-FS-11-Frontend-Ivanova-Ekaterina/src/components/message-form/MessageForm.js": {"path":"/Users/ekaterina/Documents/track/frontend/project/2018-FS-11-Frontend-Ivanova-Ekaterina/src/components/message-form/MessageForm.js","statementMap":{"0":{"start":{"line":1,"column":0},"end":{"line":null,"column":-1}},"1":{"start":{"line":2,"column":0},"end":{"line":null,"column":-1}},"2":{"start":{"line":3,"column":0},"end":{"line":null,"column":-1}},"3":{"start":{"line":4,"column":0},"end":{"line":null,"column":-1}},"4":{"start":{"line":5,"column":0},"end":{"line":null,"column":-1}},"5":{"start":{"line":6,"column":0},"end":{"line":null,"column":-1}},"6":{"start":{"line":7,"column":0},"end":{"line":null,"column":-1}},"7":{"start":{"line":8,"column":0},"end":{"line":null,"column":-1}},"8":{"start":{"line":13,"column":8},"end":{"line":null,"column":-1}},"9":{"start":{"line":16,"column":22},"end":{"line":16,"column":8}},"10":{"start":{"line":17,"column":23},"end":{"line":17,"column":8}},"11":{"start":{"line":18,"column":25},"end":{"line":18,"column":8}},"12":{"start":{"line":19,"column":8},"end":{"line":null,"column":-1}},"13":{"start":{"line":20,"column":12},"end":{"line":23,"column":13}},"14":{"start":{"line":21,"column":16},"end":{"line":null,"column":-1}},"15":{"start":{"line":22,"column":16},"end":{"line":null,"column":-1}},"16":{"start":{"line":25,"column":8},"end":{"line":null,"column":-1}},"17":{"start":{"line":28,"column":48},"end":{"line":28,"column":20}},"18":{"start":{"line":30,"column":28},"end":{"line":28,"column":20}},"19":{"start":{"line":33,"column":36},"end":{"line":32,"column":36}},"20":{"start":{"line":37,"column":44},"end":{"line":36,"column":41}},"21":{"start":{"line":58,"column":24},"end":{"line":58,"column":0}},"22":{"start":{"line":59,"column":4},"end":{"line":null,"column":-1}},"23":{"start":{"line":67,"column":27},"end":{"line":67,"column":0}},"24":{"start":{"line":68,"column":4},"end":{"line":null,"column":-1}},"25":{"start":{"line":69,"column":28},"end":{"line":69,"column":36}}},"fnMap":{"0":{"name":"(anonymous_0)","decl":{"start":{"line":11,"column":4},"end":{"line":11,"column":13}},"loc":{"start":{"line":12,"column":4},"end":{"line":14,"column":5}}},"1":{"name":"(anonymous_1)","decl":{"start":{"line":15,"column":4},"end":{"line":15,"column":9}},"loc":{"start":{"line":15,"column":13},"end":{"line":55,"column":5}}},"2":{"name":"(anonymous_2)","decl":{"start":{"line":19,"column":36},"end":{"line":19,"column":44}},"loc":{"start":{"line":19,"column":49},"end":{"line":19,"column":8}}},"3":{"name":"(anonymous_3)","decl":{"start":{"line":28,"column":39},"end":{"line":28,"column":37}},"loc":{"start":{"line":28,"column":48},"end":{"line":28,"column":20}}},"4":{"name":"(anonymous_4)","decl":{"start":{"line":29,"column":26},"end":{"line":30,"column":27}},"loc":{"start":{"line":30,"column":28},"end":{"line":28,"column":20}}},"5":{"name":"(anonymous_5)","decl":{"start":{"line":32,"column":49},"end":{"line":32,"column":50}},"loc":{"start":{"line":33,"column":36},"end":{"line":32,"column":36}}},"6":{"name":"(anonymous_6)","decl":{"start":{"line":36,"column":60},"end":{"line":36,"column":61}},"loc":{"start":{"line":37,"column":44},"end":{"line":36,"column":41}}},"7":{"name":"(anonymous_7)","decl":{"start":{"line":58,"column":24},"end":{"line":58,"column":28}},"loc":{"start":{"line":58,"column":33},"end":{"line":58,"column":0}}},"8":{"name":"(anonymous_8)","decl":{"start":{"line":67,"column":27},"end":{"line":67,"column":34}},"loc":{"start":{"line":67,"column":39},"end":{"line":67,"column":0}}},"9":{"name":"(anonymous_9)","decl":{"start":{"line":69,"column":19},"end":{"line":69,"column":17}},"loc":{"start":{"line":69,"column":28},"end":{"line":69,"column":36}}}},"branchMap":{"0":{"loc":{"start":{"line":20,"column":12},"end":{"line":23,"column":13}},"type":"if","locations":[{"start":{"line":20,"column":12},"end":{"line":23,"column":13}},{"start":{"line":20,"column":12},"end":{"line":23,"column":13}}]},"1":{"loc":{"start":{"line":35,"column":70},"end":{"line":35,"column":41}},"type":"cond-expr","locations":[{"start":{"line":35,"column":70},"end":{"line":35,"column":41}},{"start":{"line":35,"column":124},"end":{"line":33,"column":36}}]},"2":{"loc":{"start":{"line":39,"column":118},"end":{"line":39,"column":94}},"type":"cond-expr","locations":[{"start":{"line":39,"column":118},"end":{"line":39,"column":94}},{"start":{"line":39,"column":139},"end":{"line":39,"column":53}}]},"3":{"loc":{"start":{"line":43,"column":44},"end":{"line":42,"column":40}},"type":"cond-expr","locations":[{"start":{"line":43,"column":44},"end":{"line":42,"column":40}},{"start":{"line":44,"column":45},"end":{"line":33,"column":36}}]},"4":{"loc":{"start":{"line":44,"column":63},"end":{"line":44,"column":45}},"type":"cond-expr","locations":[{"start":{"line":44,"column":63},"end":{"line":44,"column":45}},{"start":{"line":44,"column":68},"end":{"line":33,"column":36}}]}},"s":{"0":0,"1":0,"2":0,"3":0,"4":0,"5":0,"6":0,"7":0,"8":0,"9":0,"10":0,"11":0,"12":0,"13":0,"14":0,"15":0,"16":0,"17":0,"18":0,"19":0,"20":0,"21":0,"22":0,"23":0,"24":0,"25":0},"f":{"0":0,"1":0,"2":0,"3":0,"4":0,"5":0,"6":0,"7":0,"8":0,"9":0},"b":{"0":[0,0],"1":[0,0],"2":[0,0],"3":[0,0],"4":[0,0]}}
,"/Users/ekaterina/Documents/track/frontend/project/2018-FS-11-Frontend-Ivanova-Ekaterina/src/components/message-form/index.js": {"path":"/Users/ekaterina/Documents/track/frontend/project/2018-FS-11-Frontend-Ivanova-Ekaterina/src/components/message-form/index.js","statementMap":{"0":{"start":{"line":1,"column":0},"end":{"line":null,"column":-1}}},"fnMap":{"0":{"name":"(anonymous_0)","decl":{"start":{"line":1,"column":0},"end":{"line":null,"column":-1}},"loc":{"start":{"line":1,"column":0},"end":{"line":null,"column":-1}}}},"branchMap":{"0":{"loc":{"start":{"line":1,"column":0},"end":{"line":null,"column":-1}},"type":"if","locations":[{"start":{"line":1,"column":0},"end":{"line":null,"column":-1}},{"start":{"line":1,"column":0},"end":{"line":null,"column":-1}}]}},"s":{"0":0},"f":{"0":0},"b":{"0":[0,0]}}
,"/Users/ekaterina/Documents/track/frontend/project/2018-FS-11-Frontend-Ivanova-Ekaterina/src/modules/getSize.js": {"path":"/Users/ekaterina/Documents/track/frontend/project/2018-FS-11-Frontend-Ivanova-Ekaterina/src/modules/getSize.js","statementMap":{"0":{"start":{"line":1,"column":11},"end":{"line":1,"column":29}},"1":{"start":{"line":2,"column":11},"end":{"line":2,"column":22}},"2":{"start":{"line":3,"column":11},"end":{"line":3,"column":15}},"3":{"start":{"line":5,"column":31},"end":{"line":20,"column":1}},"4":{"start":{"line":6,"column":4},"end":{"line":7,"column":21}},"5":{"start":{"line":7,"column":8},"end":{"line":7,"column":21}},"6":{"start":{"line":8,"column":4},"end":{"line":10,"column":5}},"7":{"start":{"line":9,"column":8},"end":{"line":9,"column":46}},"8":{"start":{"line":11,"column":4},"end":{"line":13,"column":5}},"9":{"start":{"line":12,"column":8},"end":{"line":12,"column":46}},"10":{"start":{"line":14,"column":4},"end":{"line":16,"column":5}},"11":{"start":{"line":15,"column":8},"end":{"line":15,"column":46}},"12":{"start":{"line":17,"column":4},"end":{"line":18,"column":21}},"13":{"start":{"line":18,"column":8},"end":{"line":18,"column":21}},"14":{"start":{"line":19,"column":4},"end":{"line":19,"column":27}}},"fnMap":{"0":{"name":"f","decl":{"start":{"line":5,"column":40},"end":{"line":5,"column":41}},"loc":{"start":{"line":5,"column":48},"end":{"line":20,"column":1}},"line":5}},"branchMap":{"0":{"loc":{"start":{"line":6,"column":4},"end":{"line":7,"column":21}},"type":"if","locations":[{"start":{"line":6,"column":4},"end":{"line":7,"column":21}},{"start":{"line":6,"column":4},"end":{"line":7,"column":21}}],"line":6},"1":{"loc":{"start":{"line":8,"column":4},"end":{"line":10,"column":5}},"type":"if","locations":[{"start":{"line":8,"column":4},"end":{"line":10,"column":5}},{"start":{"line":8,"column":4},"end":{"line":10,"column":5}}],"line":8},"2":{"loc":{"start":{"line":11,"column":4},"end":{"line":13,"column":5}},"type":"if","locations":[{"start":{"line":11,"column":4},"end":{"line":13,"column":5}},{"start":{"line":11,"column":4},"end":{"line":13,"column":5}}],"line":11},"3":{"loc":{"start":{"line":14,"column":4},"end":{"line":16,"column":5}},"type":"if","locations":[{"start":{"line":14,"column":4},"end":{"line":16,"column":5}},{"start":{"line":14,"column":4},"end":{"line":16,"column":5}}],"line":14},"4":{"loc":{"start":{"line":17,"column":4},"end":{"line":18,"column":21}},"type":"if","locations":[{"start":{"line":17,"column":4},"end":{"line":18,"column":21}},{"start":{"line":17,"column":4},"end":{"line":18,"column":21}}],"line":17}},"s":{"0":1,"1":1,"2":1,"3":1,"4":22,"5":5,"6":17,"7":2,"8":15,"9":3,"10":12,"11":3,"12":9,"13":3,"14":6},"f":{"0":22},"b":{"0":[5,17],"1":[2,15],"2":[3,12],"3":[3,9],"4":[3,6]},"_coverageSchema":"332fd63041d2c1bcb487cc26dd0d5f7d97098a6c","hash":"3155c8e4ab6468b2f4b184cb0f14bd580f39b1cc"}
,"/Users/ekaterina/Documents/track/frontend/project/2018-FS-11-Frontend-Ivanova-Ekaterina/src/store/utility.js": {"path":"/Users/ekaterina/Documents/track/frontend/project/2018-FS-11-Frontend-Ivanova-Ekaterina/src/store/utility.js","statementMap":{"0":{"start":{"line":1,"column":28},"end":{"line":1,"column":7}},"1":{"start":{"line":2,"column":4},"end":{"line":null,"column":-1}}},"fnMap":{"0":{"name":"(anonymous_0)","decl":{"start":{"line":1,"column":28},"end":{"line":1,"column":29}},"loc":{"start":{"line":1,"column":58},"end":{"line":1,"column":7}}}},"branchMap":{},"s":{"0":0,"1":0},"f":{"0":0},"b":{}}
,"/Users/ekaterina/Documents/track/frontend/project/2018-FS-11-Frontend-Ivanova-Ekaterina/src/store/actions/Auth.js": {"path":"/Users/ekaterina/Documents/track/frontend/project/2018-FS-11-Frontend-Ivanova-Ekaterina/src/store/actions/Auth.js","statementMap":{"0":{"start":{"line":1,"column":0},"end":{"line":null,"column":-1}},"1":{"start":{"line":2,"column":0},"end":{"line":null,"column":-1}},"2":{"start":{"line":4,"column":0},"end":{"line":null,"column":-1}},"3":{"start":{"line":5,"column":2},"end":{"line":null,"column":-1}},"4":{"start":{"line":7,"column":2},"end":{"line":null,"column":-1}},"5":{"start":{"line":18,"column":25},"end":{"line":18,"column":7}},"6":{"start":{"line":19,"column":2},"end":{"line":null,"column":-1}},"7":{"start":{"line":24,"column":28},"end":{"line":24,"column":7}},"8":{"start":{"line":25,"column":2},"end":{"line":null,"column":-1}},"9":{"start":{"line":31,"column":27},"end":{"line":31,"column":7}},"10":{"start":{"line":32,"column":2},"end":{"line":null,"column":-1}},"11":{"start":{"line":37,"column":24},"end":{"line":37,"column":7}},"12":{"start":{"line":38,"column":4},"end":{"line":null,"column":-1}},"13":{"start":{"line":43,"column":20},"end":{"line":43,"column":7}},"14":{"start":{"line":44,"column":2},"end":{"line":null,"column":-1}},"15":{"start":{"line":45,"column":4},"end":{"line":null,"column":-1}},"16":{"start":{"line":46,"column":4},"end":{"line":null,"column":-1}},"17":{"start":{"line":48,"column":8},"end":{"line":null,"column":-1}},"18":{"start":{"line":49,"column":8},"end":{"line":null,"column":-1}},"19":{"start":{"line":50,"column":8},"end":{"line":null,"column":-1}},"20":{"start":{"line":53,"column":8},"end":{"line":null,"column":-1}},"21":{"start":{"line":58,"column":30},"end":{"line":58,"column":7}},"22":{"start":{"line":59,"column":2},"end":{"line":null,"column":-1}},"23":{"start":{"line":60,"column":18},"end":{"line":60,"column":4}},"24":{"start":{"line":61,"column":4},"end":{"line":63,"column":5}},"25":{"start":{"line":62,"column":6},"end":{"line":null,"column":-1}},"26":{"start":{"line":67,"column":31},"end":{"line":67,"column":7}},"27":{"start":{"line":68,"column":4},"end":{"line":null,"column":-1}},"28":{"start":{"line":69,"column":8},"end":{"line":null,"column":-1}},"29":{"start":{"line":70,"column":8},"end":{"line":null,"column":-1}}},"fnMap":{"0":{"name":"(anonymous_0)","decl":{"start":{"line":4,"column":33},"end":{"line":4,"column":31}},"loc":{"start":{"line":4,"column":46},"end":{"line":4,"column":0}}},"1":{"name":"(anonymous_1)","decl":{"start":{"line":6,"column":4},"end":{"line":6,"column":2}},"loc":{"start":{"line":6,"column":14},"end":{"line":4,"column":0}}},"2":{"name":"(anonymous_2)","decl":{"start":{"line":18,"column":25},"end":{"line":18,"column":30}},"loc":{"start":{"line":18,"column":31},"end":{"line":18,"column":7}}},"3":{"name":"(anonymous_3)","decl":{"start":{"line":24,"column":28},"end":{"line":24,"column":26}},"loc":{"start":{"line":24,"column":38},"end":{"line":24,"column":7}}},"4":{"name":"(anonymous_4)","decl":{"start":{"line":31,"column":27},"end":{"line":31,"column":25}},"loc":{"start":{"line":31,"column":35},"end":{"line":31,"column":7}}},"5":{"name":"(anonymous_5)","decl":{"start":{"line":37,"column":24},"end":{"line":37,"column":29}},"loc":{"start":{"line":37,"column":30},"end":{"line":37,"column":7}}},"6":{"name":"(anonymous_6)","decl":{"start":{"line":43,"column":20},"end":{"line":43,"column":21}},"loc":{"start":{"line":43,"column":41},"end":{"line":43,"column":7}}},"7":{"name":"(anonymous_7)","decl":{"start":{"line":44,"column":9},"end":{"line":44,"column":16}},"loc":{"start":{"line":44,"column":21},"end":{"line":44,"column":2}}},"8":{"name":"(anonymous_8)","decl":{"start":{"line":47,"column":12},"end":{"line":47,"column":19}},"loc":{"start":{"line":47,"column":24},"end":{"line":46,"column":4}}},"9":{"name":"(anonymous_9)","decl":{"start":{"line":52,"column":13},"end":{"line":52,"column":17}},"loc":{"start":{"line":52,"column":22},"end":{"line":46,"column":4}}},"10":{"name":"(anonymous_10)","decl":{"start":{"line":58,"column":30},"end":{"line":58,"column":35}},"loc":{"start":{"line":58,"column":36},"end":{"line":58,"column":7}}},"11":{"name":"(anonymous_11)","decl":{"start":{"line":59,"column":9},"end":{"line":59,"column":16}},"loc":{"start":{"line":59,"column":21},"end":{"line":59,"column":2}}},"12":{"name":"(anonymous_12)","decl":{"start":{"line":67,"column":31},"end":{"line":67,"column":36}},"loc":{"start":{"line":67,"column":37},"end":{"line":67,"column":7}}},"13":{"name":"(anonymous_13)","decl":{"start":{"line":68,"column":11},"end":{"line":68,"column":18}},"loc":{"start":{"line":68,"column":23},"end":{"line":68,"column":4}}}},"branchMap":{"0":{"loc":{"start":{"line":61,"column":4},"end":{"line":63,"column":5}},"type":"if","locations":[{"start":{"line":61,"column":4},"end":{"line":63,"column":5}},{"start":{"line":61,"column":4},"end":{"line":63,"column":5}}]}},"s":{"0":0,"1":0,"2":0,"3":0,"4":0,"5":0,"6":0,"7":0,"8":0,"9":0,"10":0,"11":0,"12":0,"13":0,"14":0,"15":0,"16":0,"17":0,"18":0,"19":0,"20":0,"21":0,"22":0,"23":0,"24":0,"25":0,"26":0,"27":0,"28":0,"29":0},"f":{"0":0,"1":0,"2":0,"3":0,"4":0,"5":0,"6":0,"7":0,"8":0,"9":0,"10":0,"11":0,"12":0,"13":0},"b":{"0":[0,0]}}
,"/Users/ekaterina/Documents/track/frontend/project/2018-FS-11-Frontend-Ivanova-Ekaterina/src/store/actions/actionTypes.js": {"path":"/Users/ekaterina/Documents/track/frontend/project/2018-FS-11-Frontend-Ivanova-Ekaterina/src/store/actions/actionTypes.js","statementMap":{"0":{"start":{"line":1,"column":25},"end":{"line":1,"column":7}},"1":{"start":{"line":2,"column":26},"end":{"line":2,"column":7}},"2":{"start":{"line":3,"column":25},"end":{"line":3,"column":7}},"3":{"start":{"line":4,"column":21},"end":{"line":4,"column":7}},"4":{"start":{"line":5,"column":21},"end":{"line":5,"column":7}},"5":{"start":{"line":6,"column":25},"end":{"line":6,"column":7}},"6":{"start":{"line":7,"column":26},"end":{"line":7,"column":7}},"7":{"start":{"line":8,"column":28},"end":{"line":8,"column":7}},"8":{"start":{"line":9,"column":27},"end":{"line":9,"column":7}},"9":{"start":{"line":10,"column":26},"end":{"line":10,"column":7}},"10":{"start":{"line":11,"column":25},"end":{"line":11,"column":7}},"11":{"start":{"line":12,"column":28},"end":{"line":12,"column":7}},"12":{"start":{"line":13,"column":25},"end":{"line":13,"column":7}},"13":{"start":{"line":14,"column":25},"end":{"line":14,"column":7}}},"fnMap":{},"branchMap":{},"s":{"0":0,"1":0,"2":0,"3":0,"4":0,"5":0,"6":0,"7":0,"8":0,"9":0,"10":0,"11":0,"12":0,"13":0},"f":{},"b":{}}
,"/Users/ekaterina/Documents/track/frontend/project/2018-FS-11-Frontend-Ivanova-Ekaterina/src/store/actions/index.js": {"path":"/Users/ekaterina/Documents/track/frontend/project/2018-FS-11-Frontend-Ivanova-Ekaterina/src/store/actions/index.js","statementMap":{"0":{"start":{"line":1,"column":0},"end":{"line":null,"column":-1}}},"fnMap":{},"branchMap":{},"s":{"0":0},"f":{},"b":{}}
,"/Users/ekaterina/Documents/track/frontend/project/2018-FS-11-Frontend-Ivanova-Ekaterina/src/store/reducers/auth.js": {"path":"/Users/ekaterina/Documents/track/frontend/project/2018-FS-11-Frontend-Ivanova-Ekaterina/src/store/reducers/auth.js","statementMap":{"0":{"start":{"line":1,"column":0},"end":{"line":null,"column":-1}},"1":{"start":{"line":2,"column":0},"end":{"line":null,"column":-1}},"2":{"start":{"line":4,"column":21},"end":{"line":4,"column":0}},"3":{"start":{"line":10,"column":18},"end":{"line":10,"column":0}},"4":{"start":{"line":11,"column":2},"end":{"line":null,"column":-1}},"5":{"start":{"line":18,"column":20},"end":{"line":18,"column":0}},"6":{"start":{"line":19,"column":2},"end":{"line":null,"column":-1}},"7":{"start":{"line":27,"column":17},"end":{"line":27,"column":0}},"8":{"start":{"line":28,"column":2},"end":{"line":null,"column":-1}},"9":{"start":{"line":35,"column":16},"end":{"line":35,"column":0}},"10":{"start":{"line":36,"column":2},"end":{"line":null,"column":-1}},"11":{"start":{"line":37,"column":33},"end":{"line":null,"column":-1}},"12":{"start":{"line":38,"column":35},"end":{"line":null,"column":-1}},"13":{"start":{"line":39,"column":34},"end":{"line":null,"column":-1}},"14":{"start":{"line":40,"column":35},"end":{"line":null,"column":-1}},"15":{"start":{"line":41,"column":13},"end":{"line":null,"column":-1}}},"fnMap":{"0":{"name":"(anonymous_0)","decl":{"start":{"line":10,"column":18},"end":{"line":10,"column":19}},"loc":{"start":{"line":10,"column":37},"end":{"line":10,"column":0}}},"1":{"name":"(anonymous_1)","decl":{"start":{"line":18,"column":20},"end":{"line":18,"column":21}},"loc":{"start":{"line":18,"column":39},"end":{"line":18,"column":0}}},"2":{"name":"(anonymous_2)","decl":{"start":{"line":27,"column":17},"end":{"line":27,"column":18}},"loc":{"start":{"line":27,"column":36},"end":{"line":27,"column":0}}},"3":{"name":"(anonymous_3)","decl":{"start":{"line":35,"column":16},"end":{"line":35,"column":17}},"loc":{"start":{"line":35,"column":50},"end":{"line":35,"column":0}}}},"branchMap":{"0":{"loc":{"start":{"line":35,"column":25},"end":{"line":35,"column":16}},"type":"default-arg","locations":[{"start":{"line":35,"column":25},"end":{"line":35,"column":16}}]},"1":{"loc":{"start":{"line":37,"column":4},"end":{"line":37,"column":33}},"type":"switch","locations":[{"start":{"line":37,"column":4},"end":{"line":37,"column":33}},{"start":{"line":38,"column":4},"end":{"line":38,"column":35}},{"start":{"line":39,"column":4},"end":{"line":39,"column":34}},{"start":{"line":40,"column":4},"end":{"line":40,"column":35}},{"start":{"line":41,"column":4},"end":{"line":41,"column":13}}]}},"s":{"0":0,"1":0,"2":0,"3":0,"4":0,"5":0,"6":0,"7":0,"8":0,"9":0,"10":0,"11":0,"12":0,"13":0,"14":0,"15":0},"f":{"0":0,"1":0,"2":0,"3":0},"b":{"0":[0],"1":[0,0,0,0,0]}}
,"/Users/ekaterina/Documents/track/frontend/project/2018-FS-11-Frontend-Ivanova-Ekaterina/src/store/reducers/chat.js": {"path":"/Users/ekaterina/Documents/track/frontend/project/2018-FS-11-Frontend-Ivanova-Ekaterina/src/store/reducers/chat.js","statementMap":{"0":{"start":{"line":1,"column":0},"end":{"line":null,"column":-1}},"1":{"start":{"line":2,"column":0},"end":{"line":null,"column":-1}},"2":{"start":{"line":4,"column":21},"end":{"line":4,"column":0}},"3":{"start":{"line":10,"column":16},"end":{"line":10,"column":0}},"4":{"start":{"line":11,"column":4},"end":{"line":null,"column":-1}},"5":{"start":{"line":13,"column":12},"end":{"line":null,"column":-1}},"6":{"start":{"line":23,"column":12},"end":{"line":null,"column":-1}},"7":{"start":{"line":33,"column":12},"end":{"line":null,"column":-1}},"8":{"start":{"line":43,"column":12},"end":{"line":null,"column":-1}}},"fnMap":{"0":{"name":"(anonymous_0)","decl":{"start":{"line":10,"column":16},"end":{"line":10,"column":18}},"loc":{"start":{"line":10,"column":52},"end":{"line":10,"column":0}}}},"branchMap":{"0":{"loc":{"start":{"line":10,"column":26},"end":{"line":10,"column":16}},"type":"default-arg","locations":[{"start":{"line":10,"column":26},"end":{"line":10,"column":16}}]},"1":{"loc":{"start":{"line":12,"column":8},"end":{"line":13,"column":12}},"type":"switch","locations":[{"start":{"line":12,"column":8},"end":{"line":13,"column":12}},{"start":{"line":22,"column":8},"end":{"line":23,"column":12}},{"start":{"line":32,"column":8},"end":{"line":33,"column":12}},{"start":{"line":42,"column":8},"end":{"line":43,"column":12}}]}},"s":{"0":0,"1":0,"2":0,"3":0,"4":0,"5":0,"6":0,"7":0,"8":0},"f":{"0":0},"b":{"0":[0],"1":[0,0,0,0]}}
,"/Users/ekaterina/Documents/track/frontend/project/2018-FS-11-Frontend-Ivanova-Ekaterina/src/store/reducers/chatList.js": {"path":"/Users/ekaterina/Documents/track/frontend/project/2018-FS-11-Frontend-Ivanova-Ekaterina/src/store/reducers/chatList.js","statementMap":{"0":{"start":{"line":1,"column":0},"end":{"line":null,"column":-1}},"1":{"start":{"line":2,"column":0},"end":{"line":null,"column":-1}},"2":{"start":{"line":4,"column":21},"end":{"line":4,"column":0}},"3":{"start":{"line":8,"column":16},"end":{"line":8,"column":0}},"4":{"start":{"line":9,"column":4},"end":{"line":null,"column":-1}},"5":{"start":{"line":11,"column":12},"end":{"line":null,"column":-1}},"6":{"start":{"line":13,"column":12},"end":{"line":null,"column":-1}},"7":{"start":{"line":15,"column":12},"end":{"line":null,"column":-1}}},"fnMap":{"0":{"name":"(anonymous_0)","decl":{"start":{"line":8,"column":16},"end":{"line":8,"column":18}},"loc":{"start":{"line":8,"column":51},"end":{"line":8,"column":0}}}},"branchMap":{"0":{"loc":{"start":{"line":8,"column":26},"end":{"line":8,"column":16}},"type":"default-arg","locations":[{"start":{"line":8,"column":26},"end":{"line":8,"column":16}}]},"1":{"loc":{"start":{"line":10,"column":8},"end":{"line":11,"column":12}},"type":"switch","locations":[{"start":{"line":10,"column":8},"end":{"line":11,"column":12}},{"start":{"line":12,"column":8},"end":{"line":13,"column":12}},{"start":{"line":14,"column":8},"end":{"line":15,"column":12}}]}},"s":{"0":0,"1":0,"2":0,"3":0,"4":0,"5":0,"6":0,"7":0},"f":{"0":0},"b":{"0":[0],"1":[0,0,0]}}
,"/Users/ekaterina/Documents/track/frontend/project/2018-FS-11-Frontend-Ivanova-Ekaterina/src/store/reducers/message.js": {"path":"/Users/ekaterina/Documents/track/frontend/project/2018-FS-11-Frontend-Ivanova-Ekaterina/src/store/reducers/message.js","statementMap":{"0":{"start":{"line":1,"column":0},"end":{"line":null,"column":-1}},"1":{"start":{"line":2,"column":0},"end":{"line":null,"column":-1}},"2":{"start":{"line":4,"column":21},"end":{"line":4,"column":0}},"3":{"start":{"line":12,"column":16},"end":{"line":12,"column":0}},"4":{"start":{"line":13,"column":4},"end":{"line":null,"column":-1}},"5":{"start":{"line":15,"column":12},"end":{"line":null,"column":-1}},"6":{"start":{"line":17,"column":12},"end":{"line":null,"column":-1}},"7":{"start":{"line":19,"column":12},"end":{"line":null,"column":-1}},"8":{"start":{"line":21,"column":12},"end":{"line":null,"column":-1}}},"fnMap":{"0":{"name":"(anonymous_0)","decl":{"start":{"line":12,"column":16},"end":{"line":12,"column":18}},"loc":{"start":{"line":12,"column":52},"end":{"line":12,"column":0}}}},"branchMap":{"0":{"loc":{"start":{"line":12,"column":26},"end":{"line":12,"column":16}},"type":"default-arg","locations":[{"start":{"line":12,"column":26},"end":{"line":12,"column":16}}]},"1":{"loc":{"start":{"line":14,"column":8},"end":{"line":15,"column":12}},"type":"switch","locations":[{"start":{"line":14,"column":8},"end":{"line":15,"column":12}},{"start":{"line":16,"column":8},"end":{"line":17,"column":12}},{"start":{"line":18,"column":8},"end":{"line":19,"column":12}},{"start":{"line":20,"column":8},"end":{"line":21,"column":12}}]}},"s":{"0":0,"1":0,"2":0,"3":0,"4":0,"5":0,"6":0,"7":0,"8":0},"f":{"0":0},"b":{"0":[0],"1":[0,0,0,0]}}
,"/Users/ekaterina/Documents/track/frontend/project/2018-FS-11-Frontend-Ivanova-Ekaterina/src/store/reducers/user.js": {"path":"/Users/ekaterina/Documents/track/frontend/project/2018-FS-11-Frontend-Ivanova-Ekaterina/src/store/reducers/user.js","statementMap":{"0":{"start":{"line":1,"column":0},"end":{"line":null,"column":-1}},"1":{"start":{"line":2,"column":0},"end":{"line":null,"column":-1}},"2":{"start":{"line":4,"column":21},"end":{"line":4,"column":0}},"3":{"start":{"line":10,"column":16},"end":{"line":10,"column":0}},"4":{"start":{"line":12,"column":4},"end":{"line":null,"column":-1}},"5":{"start":{"line":14,"column":12},"end":{"line":null,"column":-1}},"6":{"start":{"line":16,"column":12},"end":{"line":null,"column":-1}},"7":{"start":{"line":18,"column":12},"end":{"line":null,"column":-1}}},"fnMap":{"0":{"name":"(anonymous_0)","decl":{"start":{"line":10,"column":16},"end":{"line":10,"column":18}},"loc":{"start":{"line":10,"column":52},"end":{"line":10,"column":0}}}},"branchMap":{"0":{"loc":{"start":{"line":10,"column":26},"end":{"line":10,"column":16}},"type":"default-arg","locations":[{"start":{"line":10,"column":26},"end":{"line":10,"column":16}}]},"1":{"loc":{"start":{"line":13,"column":8},"end":{"line":14,"column":12}},"type":"switch","locations":[{"start":{"line":13,"column":8},"end":{"line":14,"column":12}},{"start":{"line":15,"column":8},"end":{"line":16,"column":12}},{"start":{"line":17,"column":8},"end":{"line":18,"column":12}}]}},"s":{"0":0,"1":0,"2":0,"3":0,"4":0,"5":0,"6":0,"7":0},"f":{"0":0},"b":{"0":[0],"1":[0,0,0]}}
}
